ccurcelli, 46493, 27/08/2016 18:26:08
Avatar #2 sent AM_AVATAR_READY signal
Avatar #1 sent AM_AVATAR_READY signal
Avatar #0 sent AM_AVATAR_READY signal

Avatar ID: 2 	Position: (9, 1)	 	Move attempted: North

Avatar ID: 0 	Position: (4, 9)	 	Move attempted: Null move

Avatar ID: 1 	Position: (3, 7)	 	Move attempted: North

Avatar ID: 0 	Position: (4, 9)	 	Move attempted: Null move

Avatar ID: 1 	Position: (3, 6)	 	Move attempted: West

Avatar ID: 2 	Position: (9, 1)	 	Move attempted: East

Avatar ID: 0 	Position: (4, 9)	 	Move attempted: Null move

Avatar ID: 1 	Position: (3, 6)	 	Move attempted: North

Avatar ID: 2 	Position: (9, 1)	 	Move attempted: South

Avatar ID: 0 	Position: (4, 9)	 	Move attempted: Null move

Avatar ID: 1 	Position: (3, 6)	 	Move attempted: East

Avatar ID: 2 	Position: (9, 2)	 	Move attempted: East

Avatar ID: 0 	Position: (4, 9)	 	Move attempted: Null move

Avatar ID: 1 	Position: (4, 6)	 	Move attempted: North

Avatar ID: 2 	Position: (10, 2)	 	Move attempted: North

Avatar ID: 0 	Position: (4, 9)	 	Move attempted: Null move

Avatar ID: 1 	Position: (4, 6)	 	Move attempted: East

Avatar ID: 2 	Position: (10, 2)	 	Move attempted: East

Avatar ID: 0 	Position: (4, 9)	 	Move attempted: Null move

Avatar ID: 1 	Position: (4, 6)	 	Move attempted: South

Avatar ID: 2 	Position: (10, 2)	 	Move attempted: South

Avatar ID: 0 	Position: (4, 9)	 	Move attempted: Null move

Avatar ID: 1 	Position: (4, 7)	 	Move attempted: East

Avatar ID: 2 	Position: (10, 3)	 	Move attempted: East

Avatar ID: 0 	Position: (4, 9)	 	Move attempted: Null move

Avatar ID: 1 	Position: (4, 7)	 	Move attempted: South

Avatar ID: 2 	Position: (11, 3)	 	Move attempted: North

Avatar ID: 0 	Position: (4, 9)	 	Move attempted: Null move

Avatar ID: 1 	Position: (4, 8)	 	Move attempted: East

Avatar ID: 2 	Position: (11, 2)	 	Move attempted: West

Avatar ID: 0 	Position: (4, 9)	 	Move attempted: Null move

Avatar ID: 1 	Position: (5, 8)	 	Move attempted: North

Avatar ID: 2 	Position: (11, 2)	 	Move attempted: North

Avatar ID: 0 	Position: (4, 9)	 	Move attempted: Null move

Avatar ID: 1 	Position: (5, 8)	 	Move attempted: East

Avatar ID: 2 	Position: (11, 1)	 	Move attempted: West

Avatar ID: 0 	Position: (4, 9)	 	Move attempted: Null move

Avatar ID: 1 	Position: (6, 8)	 	Move attempted: North

Avatar ID: 2 	Position: (10, 1)	 	Move attempted: South

Avatar ID: 0 	Position: (4, 9)	 	Move attempted: Null move

Avatar ID: 1 	Position: (6, 7)	 	Move attempted: West

Avatar ID: 2 	Position: (10, 1)	 	Move attempted: West

Avatar ID: 0 	Position: (4, 9)	 	Move attempted: Null move

Avatar ID: 1 	Position: (6, 7)	 	Move attempted: North

Avatar ID: 2 	Position: (10, 1)	 	Move attempted: North

Avatar ID: 0 	Position: (4, 9)	 	Move attempted: Null move

Avatar ID: 1 	Position: (6, 7)	 	Move attempted: East

Avatar ID: 2 	Position: (10, 0)	 	Move attempted: West

Avatar ID: 0 	Position: (4, 9)	 	Move attempted: Null move

Avatar ID: 1 	Position: (7, 7)	 	Move attempted: North

Avatar ID: 2 	Position: (9, 0)	 	Move attempted: South

Avatar ID: 0 	Position: (4, 9)	 	Move attempted: Null move

Avatar ID: 1 	Position: (7, 6)	 	Move attempted: West

Avatar ID: 2 	Position: (9, 0)	 	Move attempted: West

Avatar ID: 0 	Position: (4, 9)	 	Move attempted: Null move

Avatar ID: 1 	Position: (7, 6)	 	Move attempted: North

Avatar ID: 2 	Position: (8, 0)	 	Move attempted: South

Avatar ID: 0 	Position: (4, 9)	 	Move attempted: Null move

Avatar ID: 1 	Position: (7, 5)	 	Move attempted: West

Avatar ID: 2 	Position: (8, 1)	 	Move attempted: East

Avatar ID: 0 	Position: (4, 9)	 	Move attempted: Null move

Avatar ID: 1 	Position: (7, 5)	 	Move attempted: North

Avatar ID: 2 	Position: (8, 1)	 	Move attempted: South

Avatar ID: 1 	Position: (7, 5)	 	Move attempted: East

Avatar ID: 0 	Position: (4, 9)	 	Move attempted: Null move

Avatar ID: 2 	Position: (8, 2)	 	Move attempted: East

Avatar ID: 1 	Position: (8, 5)	 	Move attempted: North

Avatar ID: 0 	Position: (4, 9)	 	Move attempted: Null move

Avatar ID: 2 	Position: (8, 2)	 	Move attempted: South

Avatar ID: 1 	Position: (8, 5)	 	Move attempted: East

Avatar ID: 0 	Position: (4, 9)	 	Move attempted: Null move

Avatar ID: 2 	Position: (8, 3)	 	Move attempted: East

Avatar ID: 1 	Position: (9, 5)	 	Move attempted: North

Avatar ID: 0 	Position: (4, 9)	 	Move attempted: Null move

Avatar ID: 2 	Position: (8, 3)	 	Move attempted: South

Avatar ID: 1 	Position: (9, 5)	 	Move attempted: East

Avatar ID: 0 	Position: (4, 9)	 	Move attempted: Null move

Avatar ID: 2 	Position: (8, 3)	 	Move attempted: West

Avatar ID: 1 	Position: (9, 5)	 	Move attempted: South

Avatar ID: 0 	Position: (4, 9)	 	Move attempted: Null move

Avatar ID: 0 	Position: (4, 9)	 	Move attempted: Null move

Avatar ID: 1 	Position: (9, 6)	 	Move attempted: East

Avatar ID: 2 	Position: (7, 3)	 	Move attempted: South

Avatar ID: 0 	Position: (4, 9)	 	Move attempted: Null move

Avatar ID: 1 	Position: (9, 6)	 	Move attempted: South

Avatar ID: 2 	Position: (7, 4)	 	Move attempted: East

Avatar ID: 0 	Position: (4, 9)	 	Move attempted: Null move

Avatar ID: 1 	Position: (9, 6)	 	Move attempted: West

Avatar ID: 2 	Position: (8, 4)	 	Move attempted: North

Avatar ID: 0 	Position: (4, 9)	 	Move attempted: Null move

Avatar ID: 2 	Position: (8, 4)	 	Move attempted: East

Avatar ID: 1 	Position: (8, 6)	 	Move attempted: South

Avatar ID: 2 	Position: (9, 4)	 	Move attempted: North

Avatar ID: 1 	Position: (8, 7)	 	Move attempted: East

Avatar ID: 0 	Position: (4, 9)	 	Move attempted: Null move

Avatar ID: 2 	Position: (9, 4)	 	Move attempted: East

Avatar ID: 1 	Position: (8, 7)	 	Move attempted: South

Avatar ID: 0 	Position: (4, 9)	 	Move attempted: Null move

Avatar ID: 2 	Position: (10, 4)	 	Move attempted: North

Avatar ID: 1 	Position: (8, 8)	 	Move attempted: East

Avatar ID: 0 	Position: (4, 9)	 	Move attempted: Null move

Avatar ID: 2 	Position: (10, 4)	 	Move attempted: East

Avatar ID: 1 	Position: (9, 8)	 	Move attempted: North

Avatar ID: 0 	Position: (4, 9)	 	Move attempted: Null move

Avatar ID: 2 	Position: (10, 4)	 	Move attempted: South

Avatar ID: 1 	Position: (9, 8)	 	Move attempted: East

Avatar ID: 0 	Position: (4, 9)	 	Move attempted: Null move

Avatar ID: 2 	Position: (10, 5)	 	Move attempted: East

Avatar ID: 1 	Position: (9, 8)	 	Move attempted: South

Avatar ID: 0 	Position: (4, 9)	 	Move attempted: Null move

Avatar ID: 2 	Position: (10, 5)	 	Move attempted: South

Avatar ID: 1 	Position: (9, 9)	 	Move attempted: East

Avatar ID: 0 	Position: (4, 9)	 	Move attempted: Null move

Avatar ID: 2 	Position: (10, 6)	 	Move attempted: East

Avatar ID: 1 	Position: (10, 9)	 	Move attempted: North

Avatar ID: 0 	Position: (4, 9)	 	Move attempted: Null move

Avatar ID: 2 	Position: (10, 6)	 	Move attempted: South

Avatar ID: 1 	Position: (10, 9)	 	Move attempted: East

Avatar ID: 0 	Position: (4, 9)	 	Move attempted: Null move

Avatar ID: 0 	Position: (4, 9)	 	Move attempted: Null move

Avatar ID: 1 	Position: (11, 9)	 	Move attempted: North

Avatar ID: 2 	Position: (10, 7)	 	Move attempted: East

Avatar ID: 2 	Position: (10, 7)	 	Move attempted: South

Avatar ID: 0 	Position: (4, 9)	 	Move attempted: Null move

Avatar ID: 1 	Position: (11, 8)	 	Move attempted: West

Avatar ID: 2 	Position: (10, 8)	 	Move attempted: East

Avatar ID: 0 	Position: (4, 9)	 	Move attempted: Null move

Avatar ID: 1 	Position: (10, 8)	 	Move attempted: South

Avatar ID: 2 	Position: (11, 8)	 	Move attempted: North

Avatar ID: 0 	Position: (4, 9)	 	Move attempted: Null move

Avatar ID: 1 	Position: (10, 8)	 	Move attempted: West

Avatar ID: 2 	Position: (11, 8)	 	Move attempted: East

Avatar ID: 0 	Position: (4, 9)	 	Move attempted: Null move

Avatar ID: 1 	Position: (10, 8)	 	Move attempted: North

Avatar ID: 2 	Position: (11, 8)	 	Move attempted: South

Avatar ID: 1 	Position: (10, 7)	 	Move attempted: West

Avatar ID: 0 	Position: (4, 9)	 	Move attempted: Null move

Avatar ID: 2 	Position: (11, 9)	 	Move attempted: East

Avatar ID: 1 	Position: (9, 7)	 	Move attempted: South

Avatar ID: 0 	Position: (4, 9)	 	Move attempted: Null move

Avatar ID: 2 	Position: (11, 9)	 	Move attempted: South

Avatar ID: 0 	Position: (4, 9)	 	Move attempted: Null move

Avatar ID: 1 	Position: (9, 7)	 	Move attempted: West

Avatar ID: 2 	Position: (11, 9)	 	Move attempted: West

Avatar ID: 0 	Position: (4, 9)	 	Move attempted: Null move

Avatar ID: 1 	Position: (9, 7)	 	Move attempted: North

Avatar ID: 2 	Position: (10, 9)	 	Move attempted: South

Avatar ID: 0 	Position: (4, 9)	 	Move attempted: Null move

Avatar ID: 1 	Position: (9, 7)	 	Move attempted: East

Avatar ID: 2 	Position: (10, 9)	 	Move attempted: West

Avatar ID: 0 	Position: (4, 9)	 	Move attempted: Null move

Avatar ID: 1 	Position: (10, 7)	 	Move attempted: North

Avatar ID: 2 	Position: (9, 9)	 	Move attempted: South

Avatar ID: 0 	Position: (4, 9)	 	Move attempted: Null move

Avatar ID: 1 	Position: (10, 6)	 	Move attempted: West

Avatar ID: 2 	Position: (9, 9)	 	Move attempted: West

Avatar ID: 0 	Position: (4, 9)	 	Move attempted: Null move

Avatar ID: 1 	Position: (10, 6)	 	Move attempted: North

Avatar ID: 2 	Position: (8, 9)	 	Move attempted: South

Avatar ID: 0 	Position: (4, 9)	 	Move attempted: Null move

Avatar ID: 1 	Position: (10, 5)	 	Move attempted: West

Avatar ID: 2 	Position: (8, 9)	 	Move attempted: West

Avatar ID: 0 	Position: (4, 9)	 	Move attempted: Null move

Avatar ID: 1 	Position: (10, 5)	 	Move attempted: North

Avatar ID: 2 	Position: (8, 9)	 	Move attempted: North

Avatar ID: 0 	Position: (4, 9)	 	Move attempted: Null move

Avatar ID: 1 	Position: (10, 4)	 	Move attempted: West

Avatar ID: 2 	Position: (8, 9)	 	Move attempted: East

Avatar ID: 0 	Position: (4, 9)	 	Move attempted: Null move

Avatar ID: 1 	Position: (9, 4)	 	Move attempted: South

Avatar ID: 2 	Position: (9, 9)	 	Move attempted: North

Avatar ID: 0 	Position: (4, 9)	 	Move attempted: Null move

Avatar ID: 1 	Position: (9, 4)	 	Move attempted: West

Avatar ID: 2 	Position: (9, 8)	 	Move attempted: West

Avatar ID: 0 	Position: (4, 9)	 	Move attempted: Null move

Avatar ID: 1 	Position: (8, 4)	 	Move attempted: South

Avatar ID: 2 	Position: (8, 8)	 	Move attempted: South

Avatar ID: 0 	Position: (4, 9)	 	Move attempted: Null move

Avatar ID: 1 	Position: (8, 4)	 	Move attempted: West

Avatar ID: 2 	Position: (8, 8)	 	Move attempted: West

Avatar ID: 0 	Position: (4, 9)	 	Move attempted: Null move

Avatar ID: 1 	Position: (7, 4)	 	Move attempted: South

Avatar ID: 2 	Position: (8, 8)	 	Move attempted: North

Avatar ID: 0 	Position: (4, 9)	 	Move attempted: Null move

Avatar ID: 1 	Position: (7, 4)	 	Move attempted: West

Avatar ID: 2 	Position: (8, 7)	 	Move attempted: West

Avatar ID: 0 	Position: (4, 9)	 	Move attempted: Null move

Avatar ID: 1 	Position: (7, 4)	 	Move attempted: North

Avatar ID: 2 	Position: (8, 7)	 	Move attempted: North

Avatar ID: 0 	Position: (4, 9)	 	Move attempted: Null move

Avatar ID: 1 	Position: (7, 3)	 	Move attempted: West

Avatar ID: 2 	Position: (8, 6)	 	Move attempted: West

Avatar ID: 0 	Position: (4, 9)	 	Move attempted: Null move

Avatar ID: 1 	Position: (7, 3)	 	Move attempted: North

Avatar ID: 2 	Position: (8, 6)	 	Move attempted: North

Avatar ID: 0 	Position: (4, 9)	 	Move attempted: Null move

Avatar ID: 1 	Position: (7, 3)	 	Move attempted: East

Avatar ID: 2 	Position: (8, 6)	 	Move attempted: East

Avatar ID: 0 	Position: (4, 9)	 	Move attempted: Null move

Avatar ID: 1 	Position: (8, 3)	 	Move attempted: North

Avatar ID: 2 	Position: (9, 6)	 	Move attempted: North

Avatar ID: 0 	Position: (4, 9)	 	Move attempted: Null move

Avatar ID: 1 	Position: (8, 2)	 	Move attempted: West

Avatar ID: 2 	Position: (9, 5)	 	Move attempted: West

Avatar ID: 0 	Position: (4, 9)	 	Move attempted: Null move

Avatar ID: 1 	Position: (8, 2)	 	Move attempted: North

Avatar ID: 2 	Position: (8, 5)	 	Move attempted: South

Avatar ID: 0 	Position: (4, 9)	 	Move attempted: Null move

Avatar ID: 1 	Position: (8, 1)	 	Move attempted: West

Avatar ID: 2 	Position: (8, 5)	 	Move attempted: West

Avatar ID: 0 	Position: (4, 9)	 	Move attempted: Null move

Avatar ID: 1 	Position: (8, 1)	 	Move attempted: North

Avatar ID: 2 	Position: (7, 5)	 	Move attempted: South

Avatar ID: 0 	Position: (4, 9)	 	Move attempted: Null move

Avatar ID: 1 	Position: (8, 0)	 	Move attempted: West

Avatar ID: 2 	Position: (7, 6)	 	Move attempted: East

Avatar ID: 0 	Position: (4, 9)	 	Move attempted: Null move

Avatar ID: 1 	Position: (7, 0)	 	Move attempted: South

Avatar ID: 2 	Position: (7, 6)	 	Move attempted: South

Avatar ID: 0 	Position: (4, 9)	 	Move attempted: Null move

Avatar ID: 1 	Position: (7, 0)	 	Move attempted: West

Avatar ID: 2 	Position: (7, 7)	 	Move attempted: East

Avatar ID: 0 	Position: (4, 9)	 	Move attempted: Null move

Avatar ID: 1 	Position: (6, 0)	 	Move attempted: South

Avatar ID: 2 	Position: (7, 7)	 	Move attempted: South

Avatar ID: 0 	Position: (4, 9)	 	Move attempted: Null move

Avatar ID: 1 	Position: (6, 1)	 	Move attempted: East

Avatar ID: 2 	Position: (7, 7)	 	Move attempted: West

Avatar ID: 0 	Position: (4, 9)	 	Move attempted: Null move

Avatar ID: 1 	Position: (6, 1)	 	Move attempted: South

Avatar ID: 2 	Position: (6, 7)	 	Move attempted: South

Avatar ID: 0 	Position: (4, 9)	 	Move attempted: Null move

Avatar ID: 1 	Position: (6, 2)	 	Move attempted: East

Avatar ID: 2 	Position: (6, 8)	 	Move attempted: East

Avatar ID: 0 	Position: (4, 9)	 	Move attempted: Null move

Avatar ID: 1 	Position: (7, 2)	 	Move attempted: North

Avatar ID: 2 	Position: (6, 8)	 	Move attempted: South

Avatar ID: 0 	Position: (4, 9)	 	Move attempted: Null move

Avatar ID: 1 	Position: (7, 1)	 	Move attempted: West

Avatar ID: 2 	Position: (6, 8)	 	Move attempted: West

Avatar ID: 0 	Position: (4, 9)	 	Move attempted: Null move

Avatar ID: 1 	Position: (7, 1)	 	Move attempted: North

Avatar ID: 2 	Position: (5, 8)	 	Move attempted: South

Avatar ID: 0 	Position: (4, 9)	 	Move attempted: Null move

Avatar ID: 1 	Position: (7, 1)	 	Move attempted: East

Avatar ID: 2 	Position: (5, 8)	 	Move attempted: West

Avatar ID: 0 	Position: (4, 9)	 	Move attempted: Null move

Avatar ID: 1 	Position: (7, 1)	 	Move attempted: South

Avatar ID: 2 	Position: (4, 8)	 	Move attempted: South

Avatar ID: 0 	Position: (4, 9)	 	Move attempted: Null move

Avatar ID: 1 	Position: (7, 2)	 	Move attempted: East

Avatar ID: 2 	Position: (4, 8)	 	Move attempted: West

Avatar ID: 0 	Position: (4, 9)	 	Move attempted: Null move

Avatar ID: 1 	Position: (7, 2)	 	Move attempted: South

Avatar ID: 2 	Position: (4, 8)	 	Move attempted: North

Avatar ID: 0 	Position: (4, 9)	 	Move attempted: Null move

Avatar ID: 1 	Position: (7, 2)	 	Move attempted: West

Avatar ID: 2 	Position: (4, 7)	 	Move attempted: West

Avatar ID: 0 	Position: (4, 9)	 	Move attempted: Null move

Avatar ID: 1 	Position: (6, 2)	 	Move attempted: South

Avatar ID: 2 	Position: (4, 7)	 	Move attempted: North

Avatar ID: 0 	Position: (4, 9)	 	Move attempted: Null move

Avatar ID: 1 	Position: (6, 2)	 	Move attempted: West

Avatar ID: 2 	Position: (4, 6)	 	Move attempted: West

Avatar ID: 0 	Position: (4, 9)	 	Move attempted: Null move

Avatar ID: 1 	Position: (5, 2)	 	Move attempted: South

Avatar ID: 2 	Position: (3, 6)	 	Move attempted: South

Avatar ID: 0 	Position: (4, 9)	 	Move attempted: Null move

Avatar ID: 1 	Position: (5, 2)	 	Move attempted: West

Avatar ID: 2 	Position: (3, 7)	 	Move attempted: East

Avatar ID: 0 	Position: (4, 9)	 	Move attempted: Null move

Avatar ID: 1 	Position: (4, 2)	 	Move attempted: South

Avatar ID: 2 	Position: (3, 7)	 	Move attempted: South

Avatar ID: 0 	Position: (4, 9)	 	Move attempted: Null move

Avatar ID: 1 	Position: (4, 2)	 	Move attempted: West

Avatar ID: 2 	Position: (3, 8)	 	Move attempted: East

Avatar ID: 0 	Position: (4, 9)	 	Move attempted: Null move

Avatar ID: 1 	Position: (3, 2)	 	Move attempted: South

Avatar ID: 2 	Position: (3, 8)	 	Move attempted: South

Avatar ID: 0 	Position: (4, 9)	 	Move attempted: Null move

Avatar ID: 1 	Position: (3, 2)	 	Move attempted: West

Avatar ID: 2 	Position: (3, 9)	 	Move attempted: East

Avatar ID: 0 	Position: (4, 9)	 	Move attempted: Null move

Avatar ID: 1 	Position: (3, 2)	 	Move attempted: North

Avatar ID: 2 	Position: (4, 9)	 	Move attempted: Null move

Avatar ID: 1 	Position: (3, 1)	 	Move attempted: West

Avatar ID: 0 	Position: (4, 9)	 	Move attempted: Null move

Avatar ID: 2 	Position: (4, 9)	 	Move attempted: Null move

Avatar ID: 0 	Position: (4, 9)	 	Move attempted: Null move

Avatar ID: 1 	Position: (2, 1)	 	Move attempted: South

Avatar ID: 2 	Position: (4, 9)	 	Move attempted: Null move

Avatar ID: 0 	Position: (4, 9)	 	Move attempted: Null move

Avatar ID: 1 	Position: (2, 2)	 	Move attempted: East

Avatar ID: 2 	Position: (4, 9)	 	Move attempted: Null move

Avatar ID: 0 	Position: (4, 9)	 	Move attempted: Null move

Avatar ID: 1 	Position: (2, 2)	 	Move attempted: South

Avatar ID: 2 	Position: (4, 9)	 	Move attempted: Null move

Avatar ID: 1 	Position: (2, 2)	 	Move attempted: West

Avatar ID: 0 	Position: (4, 9)	 	Move attempted: Null move

Avatar ID: 2 	Position: (4, 9)	 	Move attempted: Null move

Avatar ID: 0 	Position: (4, 9)	 	Move attempted: Null move

Avatar ID: 1 	Position: (1, 2)	 	Move attempted: South

Avatar ID: 2 	Position: (4, 9)	 	Move attempted: Null move

Avatar ID: 0 	Position: (4, 9)	 	Move attempted: Null move

Avatar ID: 1 	Position: (1, 2)	 	Move attempted: West

Avatar ID: 2 	Position: (4, 9)	 	Move attempted: Null move

Avatar ID: 0 	Position: (4, 9)	 	Move attempted: Null move

Avatar ID: 1 	Position: (0, 2)	 	Move attempted: South

Avatar ID: 2 	Position: (4, 9)	 	Move attempted: Null move

Avatar ID: 0 	Position: (4, 9)	 	Move attempted: Null move

Avatar ID: 1 	Position: (0, 3)	 	Move attempted: East

Avatar ID: 2 	Position: (4, 9)	 	Move attempted: Null move

Avatar ID: 0 	Position: (4, 9)	 	Move attempted: Null move

Avatar ID: 1 	Position: (0, 3)	 	Move attempted: South

Avatar ID: 2 	Position: (4, 9)	 	Move attempted: Null move

Avatar ID: 0 	Position: (4, 9)	 	Move attempted: Null move

Avatar ID: 1 	Position: (0, 4)	 	Move attempted: East

Avatar ID: 2 	Position: (4, 9)	 	Move attempted: Null move

Avatar ID: 0 	Position: (4, 9)	 	Move attempted: Null move

Avatar ID: 1 	Position: (1, 4)	 	Move attempted: North

Avatar ID: 2 	Position: (4, 9)	 	Move attempted: Null move

Avatar ID: 0 	Position: (4, 9)	 	Move attempted: Null move

Avatar ID: 1 	Position: (1, 3)	 	Move attempted: West

Avatar ID: 2 	Position: (4, 9)	 	Move attempted: Null move

Avatar ID: 0 	Position: (4, 9)	 	Move attempted: Null move

Avatar ID: 1 	Position: (1, 3)	 	Move attempted: North

Avatar ID: 2 	Position: (4, 9)	 	Move attempted: Null move

Avatar ID: 0 	Position: (4, 9)	 	Move attempted: Null move

Avatar ID: 1 	Position: (1, 3)	 	Move attempted: East

Avatar ID: 2 	Position: (4, 9)	 	Move attempted: Null move

Avatar ID: 0 	Position: (4, 9)	 	Move attempted: Null move

Avatar ID: 1 	Position: (2, 3)	 	Move attempted: North

Avatar ID: 2 	Position: (4, 9)	 	Move attempted: Null move

Avatar ID: 0 	Position: (4, 9)	 	Move attempted: Null move

Avatar ID: 1 	Position: (2, 3)	 	Move attempted: East

Avatar ID: 2 	Position: (4, 9)	 	Move attempted: Null move

Avatar ID: 0 	Position: (4, 9)	 	Move attempted: Null move

Avatar ID: 1 	Position: (2, 3)	 	Move attempted: South

Avatar ID: 2 	Position: (4, 9)	 	Move attempted: Null move

Avatar ID: 0 	Position: (4, 9)	 	Move attempted: Null move

Avatar ID: 1 	Position: (2, 4)	 	Move attempted: East

Avatar ID: 2 	Position: (4, 9)	 	Move attempted: Null move

Avatar ID: 0 	Position: (4, 9)	 	Move attempted: Null move

Avatar ID: 1 	Position: (3, 4)	 	Move attempted: North

Avatar ID: 2 	Position: (4, 9)	 	Move attempted: Null move

Avatar ID: 0 	Position: (4, 9)	 	Move attempted: Null move

Avatar ID: 1 	Position: (3, 3)	 	Move attempted: West

Avatar ID: 2 	Position: (4, 9)	 	Move attempted: Null move

Avatar ID: 0 	Position: (4, 9)	 	Move attempted: Null move

Avatar ID: 1 	Position: (3, 3)	 	Move attempted: North

Avatar ID: 2 	Position: (4, 9)	 	Move attempted: Null move

Avatar ID: 0 	Position: (4, 9)	 	Move attempted: Null move

Avatar ID: 1 	Position: (3, 3)	 	Move attempted: East

Avatar ID: 2 	Position: (4, 9)	 	Move attempted: Null move

Avatar ID: 0 	Position: (4, 9)	 	Move attempted: Null move

Avatar ID: 1 	Position: (4, 3)	 	Move attempted: North

Avatar ID: 2 	Position: (4, 9)	 	Move attempted: Null move

Avatar ID: 0 	Position: (4, 9)	 	Move attempted: Null move

Avatar ID: 1 	Position: (4, 3)	 	Move attempted: East

Avatar ID: 2 	Position: (4, 9)	 	Move attempted: Null move

Avatar ID: 0 	Position: (4, 9)	 	Move attempted: Null move

Avatar ID: 1 	Position: (4, 3)	 	Move attempted: South

Avatar ID: 2 	Position: (4, 9)	 	Move attempted: Null move

Avatar ID: 0 	Position: (4, 9)	 	Move attempted: Null move

Avatar ID: 1 	Position: (4, 4)	 	Move attempted: East

Avatar ID: 2 	Position: (4, 9)	 	Move attempted: Null move

Avatar ID: 0 	Position: (4, 9)	 	Move attempted: Null move

Avatar ID: 1 	Position: (5, 4)	 	Move attempted: North

Avatar ID: 2 	Position: (4, 9)	 	Move attempted: Null move

Avatar ID: 0 	Position: (4, 9)	 	Move attempted: Null move

Avatar ID: 1 	Position: (5, 3)	 	Move attempted: West

Avatar ID: 2 	Position: (4, 9)	 	Move attempted: Null move

Avatar ID: 0 	Position: (4, 9)	 	Move attempted: Null move

Avatar ID: 1 	Position: (5, 3)	 	Move attempted: North

Avatar ID: 2 	Position: (4, 9)	 	Move attempted: Null move

Avatar ID: 0 	Position: (4, 9)	 	Move attempted: Null move

Avatar ID: 1 	Position: (5, 3)	 	Move attempted: East

Avatar ID: 2 	Position: (4, 9)	 	Move attempted: Null move

Avatar ID: 0 	Position: (4, 9)	 	Move attempted: Null move

Avatar ID: 1 	Position: (6, 3)	 	Move attempted: North

Avatar ID: 2 	Position: (4, 9)	 	Move attempted: Null move

Avatar ID: 0 	Position: (4, 9)	 	Move attempted: Null move

Avatar ID: 1 	Position: (6, 3)	 	Move attempted: East

Avatar ID: 2 	Position: (4, 9)	 	Move attempted: Null move

Avatar ID: 0 	Position: (4, 9)	 	Move attempted: Null move

Avatar ID: 1 	Position: (6, 3)	 	Move attempted: South

Avatar ID: 2 	Position: (4, 9)	 	Move attempted: Null move

Avatar ID: 0 	Position: (4, 9)	 	Move attempted: Null move

Avatar ID: 1 	Position: (6, 4)	 	Move attempted: East

Avatar ID: 2 	Position: (4, 9)	 	Move attempted: Null move

Avatar ID: 0 	Position: (4, 9)	 	Move attempted: Null move

Avatar ID: 1 	Position: (6, 4)	 	Move attempted: South

Avatar ID: 2 	Position: (4, 9)	 	Move attempted: Null move

Avatar ID: 0 	Position: (4, 9)	 	Move attempted: Null move

Avatar ID: 1 	Position: (6, 5)	 	Move attempted: East

Avatar ID: 2 	Position: (4, 9)	 	Move attempted: Null move

Avatar ID: 0 	Position: (4, 9)	 	Move attempted: Null move

Avatar ID: 1 	Position: (6, 5)	 	Move attempted: South

Avatar ID: 2 	Position: (4, 9)	 	Move attempted: Null move

Avatar ID: 0 	Position: (4, 9)	 	Move attempted: Null move

Avatar ID: 1 	Position: (6, 6)	 	Move attempted: East

Avatar ID: 2 	Position: (4, 9)	 	Move attempted: Null move

Avatar ID: 0 	Position: (4, 9)	 	Move attempted: Null move

Avatar ID: 1 	Position: (6, 6)	 	Move attempted: South

Avatar ID: 2 	Position: (4, 9)	 	Move attempted: Null move

Avatar ID: 0 	Position: (4, 9)	 	Move attempted: Null move

Avatar ID: 1 	Position: (6, 6)	 	Move attempted: West

Avatar ID: 2 	Position: (4, 9)	 	Move attempted: Null move

Avatar ID: 0 	Position: (4, 9)	 	Move attempted: Null move

Avatar ID: 1 	Position: (5, 6)	 	Move attempted: South

Avatar ID: 2 	Position: (4, 9)	 	Move attempted: Null move

Avatar ID: 0 	Position: (4, 9)	 	Move attempted: Null move

Avatar ID: 1 	Position: (5, 7)	 	Move attempted: East

Avatar ID: 2 	Position: (4, 9)	 	Move attempted: Null move

Avatar ID: 0 	Position: (4, 9)	 	Move attempted: Null move

Avatar ID: 1 	Position: (5, 7)	 	Move attempted: South

Avatar ID: 2 	Position: (4, 9)	 	Move attempted: Null move

Avatar ID: 0 	Position: (4, 9)	 	Move attempted: Null move

Avatar ID: 1 	Position: (5, 7)	 	Move attempted: West

Avatar ID: 2 	Position: (4, 9)	 	Move attempted: Null move

Avatar ID: 0 	Position: (4, 9)	 	Move attempted: Null move

Avatar ID: 1 	Position: (5, 7)	 	Move attempted: North

Avatar ID: 2 	Position: (4, 9)	 	Move attempted: Null move

Avatar ID: 0 	Position: (4, 9)	 	Move attempted: Null move

Avatar ID: 1 	Position: (5, 6)	 	Move attempted: West

Avatar ID: 2 	Position: (4, 9)	 	Move attempted: Null move

Avatar ID: 0 	Position: (4, 9)	 	Move attempted: Null move

Avatar ID: 1 	Position: (5, 6)	 	Move attempted: North

Avatar ID: 2 	Position: (4, 9)	 	Move attempted: Null move

Avatar ID: 0 	Position: (4, 9)	 	Move attempted: Null move

Avatar ID: 1 	Position: (5, 5)	 	Move attempted: West

Avatar ID: 2 	Position: (4, 9)	 	Move attempted: Null move

Avatar ID: 1 	Position: (4, 5)	 	Move attempted: South

Avatar ID: 0 	Position: (4, 9)	 	Move attempted: Null move

Avatar ID: 2 	Position: (4, 9)	 	Move attempted: Null move

Avatar ID: 0 	Position: (4, 9)	 	Move attempted: Null move

Avatar ID: 1 	Position: (4, 5)	 	Move attempted: West

Avatar ID: 2 	Position: (4, 9)	 	Move attempted: Null move

Avatar ID: 0 	Position: (4, 9)	 	Move attempted: Null move

Avatar ID: 1 	Position: (3, 5)	 	Move attempted: South

Avatar ID: 2 	Position: (4, 9)	 	Move attempted: Null move

Avatar ID: 0 	Position: (4, 9)	 	Move attempted: Null move

Avatar ID: 1 	Position: (3, 5)	 	Move attempted: West

Avatar ID: 2 	Position: (4, 9)	 	Move attempted: Null move

Avatar ID: 0 	Position: (4, 9)	 	Move attempted: Null move

Avatar ID: 1 	Position: (2, 5)	 	Move attempted: South

Avatar ID: 2 	Position: (4, 9)	 	Move attempted: Null move

Avatar ID: 0 	Position: (4, 9)	 	Move attempted: Null move

Avatar ID: 1 	Position: (2, 6)	 	Move attempted: East

Avatar ID: 2 	Position: (4, 9)	 	Move attempted: Null move

Avatar ID: 0 	Position: (4, 9)	 	Move attempted: Null move

Avatar ID: 1 	Position: (2, 6)	 	Move attempted: South

Avatar ID: 2 	Position: (4, 9)	 	Move attempted: Null move

Avatar ID: 0 	Position: (4, 9)	 	Move attempted: Null move

Avatar ID: 1 	Position: (2, 6)	 	Move attempted: West

Avatar ID: 2 	Position: (4, 9)	 	Move attempted: Null move

Avatar ID: 0 	Position: (4, 9)	 	Move attempted: Null move

Avatar ID: 1 	Position: (1, 6)	 	Move attempted: South

Avatar ID: 2 	Position: (4, 9)	 	Move attempted: Null move

Avatar ID: 0 	Position: (4, 9)	 	Move attempted: Null move

Avatar ID: 1 	Position: (1, 6)	 	Move attempted: West

Avatar ID: 2 	Position: (4, 9)	 	Move attempted: Null move

Avatar ID: 0 	Position: (4, 9)	 	Move attempted: Null move

Avatar ID: 1 	Position: (0, 6)	 	Move attempted: South

Avatar ID: 2 	Position: (4, 9)	 	Move attempted: Null move

Avatar ID: 0 	Position: (4, 9)	 	Move attempted: Null move

Avatar ID: 1 	Position: (0, 7)	 	Move attempted: East

Avatar ID: 2 	Position: (4, 9)	 	Move attempted: Null move

Avatar ID: 1 	Position: (1, 7)	 	Move attempted: North

Avatar ID: 0 	Position: (4, 9)	 	Move attempted: Null move

Avatar ID: 2 	Position: (4, 9)	 	Move attempted: Null move

Avatar ID: 0 	Position: (4, 9)	 	Move attempted: Null move

Avatar ID: 1 	Position: (1, 7)	 	Move attempted: East

Avatar ID: 2 	Position: (4, 9)	 	Move attempted: Null move

Avatar ID: 0 	Position: (4, 9)	 	Move attempted: Null move

Avatar ID: 1 	Position: (2, 7)	 	Move attempted: North

Avatar ID: 2 	Position: (4, 9)	 	Move attempted: Null move

Avatar ID: 0 	Position: (4, 9)	 	Move attempted: Null move

Avatar ID: 1 	Position: (2, 7)	 	Move attempted: East

Avatar ID: 2 	Position: (4, 9)	 	Move attempted: Null move

Avatar ID: 0 	Position: (4, 9)	 	Move attempted: Null move

Avatar ID: 1 	Position: (2, 7)	 	Move attempted: South

Avatar ID: 2 	Position: (4, 9)	 	Move attempted: Null move

Avatar ID: 0 	Position: (4, 9)	 	Move attempted: Null move

Avatar ID: 1 	Position: (2, 8)	 	Move attempted: East

Avatar ID: 2 	Position: (4, 9)	 	Move attempted: Null move

Avatar ID: 0 	Position: (4, 9)	 	Move attempted: Null move

Avatar ID: 1 	Position: (2, 8)	 	Move attempted: South

Avatar ID: 2 	Position: (4, 9)	 	Move attempted: Null move

Avatar ID: 0 	Position: (4, 9)	 	Move attempted: Null move

Avatar ID: 1 	Position: (2, 8)	 	Move attempted: West

Avatar ID: 2 	Position: (4, 9)	 	Move attempted: Null move

Avatar ID: 0 	Position: (4, 9)	 	Move attempted: Null move

Avatar ID: 1 	Position: (1, 8)	 	Move attempted: South

Avatar ID: 2 	Position: (4, 9)	 	Move attempted: Null move

Avatar ID: 0 	Position: (4, 9)	 	Move attempted: Null move

Avatar ID: 1 	Position: (1, 9)	 	Move attempted: East

Avatar ID: 2 	Position: (4, 9)	 	Move attempted: Null move

Avatar ID: 0 	Position: (4, 9)	 	Move attempted: Null move

Avatar ID: 1 	Position: (2, 9)	 	Move attempted: North

Avatar ID: 2 	Position: (4, 9)	 	Move attempted: Null move

Avatar ID: 0 	Position: (4, 9)	 	Move attempted: Null move

Avatar ID: 1 	Position: (2, 9)	 	Move attempted: East

Avatar ID: 2 	Position: (4, 9)	 	Move attempted: Null move

Avatar ID: 0 	Position: (4, 9)	 	Move attempted: Null move

Avatar ID: 1 	Position: (2, 9)	 	Move attempted: South

Avatar ID: 2 	Position: (4, 9)	 	Move attempted: Null move

Avatar ID: 0 	Position: (4, 9)	 	Move attempted: Null move

Avatar ID: 1 	Position: (2, 9)	 	Move attempted: West

Avatar ID: 2 	Position: (4, 9)	 	Move attempted: Null move

Avatar ID: 0 	Position: (4, 9)	 	Move attempted: Null move

Avatar ID: 1 	Position: (1, 9)	 	Move attempted: South

Avatar ID: 2 	Position: (4, 9)	 	Move attempted: Null move

Avatar ID: 0 	Position: (4, 9)	 	Move attempted: Null move

Avatar ID: 1 	Position: (1, 9)	 	Move attempted: West

Avatar ID: 2 	Position: (4, 9)	 	Move attempted: Null move

Avatar ID: 0 	Position: (4, 9)	 	Move attempted: Null move

Avatar ID: 1 	Position: (0, 9)	 	Move attempted: South

Avatar ID: 2 	Position: (4, 9)	 	Move attempted: Null move

Avatar ID: 0 	Position: (4, 9)	 	Move attempted: Null move

Avatar ID: 1 	Position: (0, 9)	 	Move attempted: West

Avatar ID: 2 	Position: (4, 9)	 	Move attempted: Null move

Avatar ID: 0 	Position: (4, 9)	 	Move attempted: Null move

Avatar ID: 1 	Position: (0, 9)	 	Move attempted: North

Avatar ID: 2 	Position: (4, 9)	 	Move attempted: Null move

Avatar ID: 0 	Position: (4, 9)	 	Move attempted: Null move

Avatar ID: 1 	Position: (0, 8)	 	Move attempted: West

Avatar ID: 2 	Position: (4, 9)	 	Move attempted: Null move

Avatar ID: 0 	Position: (4, 9)	 	Move attempted: Null move

Avatar ID: 1 	Position: (0, 8)	 	Move attempted: North

Avatar ID: 2 	Position: (4, 9)	 	Move attempted: Null move

Avatar ID: 0 	Position: (4, 9)	 	Move attempted: Null move

Avatar ID: 1 	Position: (0, 8)	 	Move attempted: East

Avatar ID: 2 	Position: (4, 9)	 	Move attempted: Null move

Avatar ID: 0 	Position: (4, 9)	 	Move attempted: Null move

Avatar ID: 1 	Position: (0, 8)	 	Move attempted: South

Avatar ID: 2 	Position: (4, 9)	 	Move attempted: Null move

Avatar ID: 0 	Position: (4, 9)	 	Move attempted: Null move

Avatar ID: 1 	Position: (0, 9)	 	Move attempted: East

Avatar ID: 2 	Position: (4, 9)	 	Move attempted: Null move

Avatar ID: 0 	Position: (4, 9)	 	Move attempted: Null move

Avatar ID: 1 	Position: (1, 9)	 	Move attempted: North

Avatar ID: 2 	Position: (4, 9)	 	Move attempted: Null move

Avatar ID: 0 	Position: (4, 9)	 	Move attempted: Null move

Avatar ID: 1 	Position: (1, 8)	 	Move attempted: West

Avatar ID: 2 	Position: (4, 9)	 	Move attempted: Null move

Avatar ID: 0 	Position: (4, 9)	 	Move attempted: Null move

Avatar ID: 1 	Position: (1, 8)	 	Move attempted: North

Avatar ID: 2 	Position: (4, 9)	 	Move attempted: Null move

Avatar ID: 0 	Position: (4, 9)	 	Move attempted: Null move

Avatar ID: 1 	Position: (1, 8)	 	Move attempted: East

Avatar ID: 2 	Position: (4, 9)	 	Move attempted: Null move

Avatar ID: 0 	Position: (4, 9)	 	Move attempted: Null move

Avatar ID: 1 	Position: (2, 8)	 	Move attempted: North

Avatar ID: 2 	Position: (4, 9)	 	Move attempted: Null move

Avatar ID: 0 	Position: (4, 9)	 	Move attempted: Null move

Avatar ID: 1 	Position: (2, 7)	 	Move attempted: West

Avatar ID: 2 	Position: (4, 9)	 	Move attempted: Null move

Avatar ID: 0 	Position: (4, 9)	 	Move attempted: Null move

Avatar ID: 1 	Position: (1, 7)	 	Move attempted: South

Avatar ID: 2 	Position: (4, 9)	 	Move attempted: Null move

Avatar ID: 0 	Position: (4, 9)	 	Move attempted: Null move

Avatar ID: 1 	Position: (1, 7)	 	Move attempted: West

Avatar ID: 2 	Position: (4, 9)	 	Move attempted: Null move

Avatar ID: 0 	Position: (4, 9)	 	Move attempted: Null move

Avatar ID: 1 	Position: (0, 7)	 	Move attempted: South

Avatar ID: 2 	Position: (4, 9)	 	Move attempted: Null move

Avatar ID: 0 	Position: (4, 9)	 	Move attempted: Null move

Avatar ID: 1 	Position: (0, 7)	 	Move attempted: West

Avatar ID: 2 	Position: (4, 9)	 	Move attempted: Null move

Avatar ID: 0 	Position: (4, 9)	 	Move attempted: Null move

Avatar ID: 1 	Position: (0, 7)	 	Move attempted: North

Avatar ID: 2 	Position: (4, 9)	 	Move attempted: Null move

Avatar ID: 0 	Position: (4, 9)	 	Move attempted: Null move

Avatar ID: 1 	Position: (0, 6)	 	Move attempted: West

Avatar ID: 2 	Position: (4, 9)	 	Move attempted: Null move

Avatar ID: 0 	Position: (4, 9)	 	Move attempted: Null move

Avatar ID: 1 	Position: (0, 6)	 	Move attempted: North

Avatar ID: 2 	Position: (4, 9)	 	Move attempted: Null move

Avatar ID: 0 	Position: (4, 9)	 	Move attempted: Null move

Avatar ID: 1 	Position: (0, 5)	 	Move attempted: West

Avatar ID: 2 	Position: (4, 9)	 	Move attempted: Null move

Avatar ID: 0 	Position: (4, 9)	 	Move attempted: Null move

Avatar ID: 1 	Position: (0, 5)	 	Move attempted: North

Avatar ID: 2 	Position: (4, 9)	 	Move attempted: Null move

Avatar ID: 0 	Position: (4, 9)	 	Move attempted: Null move

Avatar ID: 1 	Position: (0, 5)	 	Move attempted: East

Avatar ID: 2 	Position: (4, 9)	 	Move attempted: Null move

Avatar ID: 0 	Position: (4, 9)	 	Move attempted: Null move

Avatar ID: 1 	Position: (1, 5)	 	Move attempted: North

Avatar ID: 2 	Position: (4, 9)	 	Move attempted: Null move

Avatar ID: 0 	Position: (4, 9)	 	Move attempted: Null move

Avatar ID: 1 	Position: (1, 5)	 	Move attempted: East

Avatar ID: 2 	Position: (4, 9)	 	Move attempted: Null move

Avatar ID: 0 	Position: (4, 9)	 	Move attempted: Null move

Avatar ID: 1 	Position: (1, 5)	 	Move attempted: South

Avatar ID: 2 	Position: (4, 9)	 	Move attempted: Null move

Avatar ID: 0 	Position: (4, 9)	 	Move attempted: Null move

Avatar ID: 1 	Position: (1, 5)	 	Move attempted: West

Avatar ID: 2 	Position: (4, 9)	 	Move attempted: Null move

Avatar ID: 0 	Position: (4, 9)	 	Move attempted: Null move

Avatar ID: 1 	Position: (0, 5)	 	Move attempted: South

Avatar ID: 2 	Position: (4, 9)	 	Move attempted: Null move

Avatar ID: 0 	Position: (4, 9)	 	Move attempted: Null move

Avatar ID: 1 	Position: (0, 6)	 	Move attempted: East

Avatar ID: 2 	Position: (4, 9)	 	Move attempted: Null move

Avatar ID: 0 	Position: (4, 9)	 	Move attempted: Null move

Avatar ID: 1 	Position: (1, 6)	 	Move attempted: North

Avatar ID: 2 	Position: (4, 9)	 	Move attempted: Null move

Avatar ID: 0 	Position: (4, 9)	 	Move attempted: Null move

Avatar ID: 1 	Position: (1, 6)	 	Move attempted: East

Avatar ID: 2 	Position: (4, 9)	 	Move attempted: Null move

Avatar ID: 0 	Position: (4, 9)	 	Move attempted: Null move

Avatar ID: 1 	Position: (2, 6)	 	Move attempted: North

Avatar ID: 2 	Position: (4, 9)	 	Move attempted: Null move

Avatar ID: 0 	Position: (4, 9)	 	Move attempted: Null move

Avatar ID: 1 	Position: (2, 5)	 	Move attempted: West

Avatar ID: 2 	Position: (4, 9)	 	Move attempted: Null move

Avatar ID: 0 	Position: (4, 9)	 	Move attempted: Null move

Avatar ID: 1 	Position: (2, 5)	 	Move attempted: North

Avatar ID: 2 	Position: (4, 9)	 	Move attempted: Null move

Avatar ID: 0 	Position: (4, 9)	 	Move attempted: Null move

Avatar ID: 1 	Position: (2, 5)	 	Move attempted: East

Avatar ID: 2 	Position: (4, 9)	 	Move attempted: Null move

Avatar ID: 0 	Position: (4, 9)	 	Move attempted: Null move

Avatar ID: 1 	Position: (3, 5)	 	Move attempted: North

Avatar ID: 2 	Position: (4, 9)	 	Move attempted: Null move

Avatar ID: 0 	Position: (4, 9)	 	Move attempted: Null move

Avatar ID: 1 	Position: (3, 5)	 	Move attempted: East

Avatar ID: 2 	Position: (4, 9)	 	Move attempted: Null move

Avatar ID: 0 	Position: (4, 9)	 	Move attempted: Null move

Avatar ID: 1 	Position: (4, 5)	 	Move attempted: North

Avatar ID: 2 	Position: (4, 9)	 	Move attempted: Null move

Avatar ID: 0 	Position: (4, 9)	 	Move attempted: Null move

Avatar ID: 1 	Position: (4, 5)	 	Move attempted: East

Avatar ID: 2 	Position: (4, 9)	 	Move attempted: Null move

Avatar ID: 0 	Position: (4, 9)	 	Move attempted: Null move

Avatar ID: 1 	Position: (5, 5)	 	Move attempted: North

Avatar ID: 2 	Position: (4, 9)	 	Move attempted: Null move

Avatar ID: 0 	Position: (4, 9)	 	Move attempted: Null move

Avatar ID: 1 	Position: (5, 5)	 	Move attempted: East

Avatar ID: 2 	Position: (4, 9)	 	Move attempted: Null move

Avatar ID: 0 	Position: (4, 9)	 	Move attempted: Null move

Avatar ID: 1 	Position: (5, 5)	 	Move attempted: South

Avatar ID: 2 	Position: (4, 9)	 	Move attempted: Null move

Avatar ID: 0 	Position: (4, 9)	 	Move attempted: Null move

Avatar ID: 1 	Position: (5, 6)	 	Move attempted: East

Avatar ID: 2 	Position: (4, 9)	 	Move attempted: Null move

Avatar ID: 0 	Position: (4, 9)	 	Move attempted: Null move

Avatar ID: 1 	Position: (6, 6)	 	Move attempted: North

Avatar ID: 2 	Position: (4, 9)	 	Move attempted: Null move

Avatar ID: 0 	Position: (4, 9)	 	Move attempted: Null move

Avatar ID: 1 	Position: (6, 5)	 	Move attempted: West

Avatar ID: 2 	Position: (4, 9)	 	Move attempted: Null move

Avatar ID: 0 	Position: (4, 9)	 	Move attempted: Null move

Avatar ID: 1 	Position: (6, 5)	 	Move attempted: North

Avatar ID: 2 	Position: (4, 9)	 	Move attempted: Null move

Avatar ID: 0 	Position: (4, 9)	 	Move attempted: Null move

Avatar ID: 1 	Position: (6, 4)	 	Move attempted: West

Avatar ID: 2 	Position: (4, 9)	 	Move attempted: Null move

Avatar ID: 1 	Position: (6, 4)	 	Move attempted: North

Avatar ID: 0 	Position: (4, 9)	 	Move attempted: Null move

Avatar ID: 2 	Position: (4, 9)	 	Move attempted: Null move

Avatar ID: 0 	Position: (4, 9)	 	Move attempted: Null move

Avatar ID: 1 	Position: (6, 3)	 	Move attempted: West

Avatar ID: 2 	Position: (4, 9)	 	Move attempted: Null move

Avatar ID: 0 	Position: (4, 9)	 	Move attempted: Null move

Avatar ID: 1 	Position: (5, 3)	 	Move attempted: South

Avatar ID: 2 	Position: (4, 9)	 	Move attempted: Null move

Avatar ID: 1 	Position: (5, 4)	 	Move attempted: East

Avatar ID: 0 	Position: (4, 9)	 	Move attempted: Null move

Avatar ID: 2 	Position: (4, 9)	 	Move attempted: Null move

Avatar ID: 0 	Position: (4, 9)	 	Move attempted: Null move

Avatar ID: 1 	Position: (5, 4)	 	Move attempted: South

Avatar ID: 2 	Position: (4, 9)	 	Move attempted: Null move

Avatar ID: 0 	Position: (4, 9)	 	Move attempted: Null move

Avatar ID: 1 	Position: (5, 4)	 	Move attempted: West

Avatar ID: 2 	Position: (4, 9)	 	Move attempted: Null move

Avatar ID: 0 	Position: (4, 9)	 	Move attempted: Null move

Avatar ID: 1 	Position: (4, 4)	 	Move attempted: South

Avatar ID: 2 	Position: (4, 9)	 	Move attempted: Null move

Avatar ID: 0 	Position: (4, 9)	 	Move attempted: Null move

Avatar ID: 1 	Position: (4, 4)	 	Move attempted: West

Avatar ID: 2 	Position: (4, 9)	 	Move attempted: Null move

Avatar ID: 0 	Position: (4, 9)	 	Move attempted: Null move

Avatar ID: 1 	Position: (4, 4)	 	Move attempted: North

Avatar ID: 2 	Position: (4, 9)	 	Move attempted: Null move

Avatar ID: 0 	Position: (4, 9)	 	Move attempted: Null move

Avatar ID: 1 	Position: (4, 3)	 	Move attempted: West

Avatar ID: 2 	Position: (4, 9)	 	Move attempted: Null move

Avatar ID: 0 	Position: (4, 9)	 	Move attempted: Null move

Avatar ID: 1 	Position: (3, 3)	 	Move attempted: South

Avatar ID: 2 	Position: (4, 9)	 	Move attempted: Null move

Avatar ID: 0 	Position: (4, 9)	 	Move attempted: Null move

Avatar ID: 1 	Position: (3, 4)	 	Move attempted: East

Avatar ID: 2 	Position: (4, 9)	 	Move attempted: Null move

Avatar ID: 0 	Position: (4, 9)	 	Move attempted: Null move

Avatar ID: 1 	Position: (3, 4)	 	Move attempted: South

Avatar ID: 2 	Position: (4, 9)	 	Move attempted: Null move

Avatar ID: 0 	Position: (4, 9)	 	Move attempted: Null move

Avatar ID: 1 	Position: (3, 4)	 	Move attempted: West

Avatar ID: 2 	Position: (4, 9)	 	Move attempted: Null move

Avatar ID: 0 	Position: (4, 9)	 	Move attempted: Null move

Avatar ID: 1 	Position: (2, 4)	 	Move attempted: South

Avatar ID: 2 	Position: (4, 9)	 	Move attempted: Null move

Avatar ID: 0 	Position: (4, 9)	 	Move attempted: Null move

Avatar ID: 1 	Position: (2, 4)	 	Move attempted: West

Avatar ID: 2 	Position: (4, 9)	 	Move attempted: Null move

Avatar ID: 0 	Position: (4, 9)	 	Move attempted: Null move

Avatar ID: 1 	Position: (2, 4)	 	Move attempted: North

Avatar ID: 2 	Position: (4, 9)	 	Move attempted: Null move

Avatar ID: 0 	Position: (4, 9)	 	Move attempted: Null move

Avatar ID: 1 	Position: (2, 3)	 	Move attempted: West

Avatar ID: 2 	Position: (4, 9)	 	Move attempted: Null move

Avatar ID: 0 	Position: (4, 9)	 	Move attempted: Null move

Avatar ID: 1 	Position: (1, 3)	 	Move attempted: South

Avatar ID: 2 	Position: (4, 9)	 	Move attempted: Null move

Avatar ID: 0 	Position: (4, 9)	 	Move attempted: Null move

Avatar ID: 1 	Position: (1, 4)	 	Move attempted: East

Avatar ID: 2 	Position: (4, 9)	 	Move attempted: Null move

Avatar ID: 0 	Position: (4, 9)	 	Move attempted: Null move

Avatar ID: 1 	Position: (1, 4)	 	Move attempted: South

Avatar ID: 2 	Position: (4, 9)	 	Move attempted: Null move

Avatar ID: 0 	Position: (4, 9)	 	Move attempted: Null move

Avatar ID: 1 	Position: (1, 4)	 	Move attempted: West

Avatar ID: 2 	Position: (4, 9)	 	Move attempted: Null move

Avatar ID: 0 	Position: (4, 9)	 	Move attempted: Null move

Avatar ID: 1 	Position: (0, 4)	 	Move attempted: South

Avatar ID: 2 	Position: (4, 9)	 	Move attempted: Null move

Avatar ID: 0 	Position: (4, 9)	 	Move attempted: Null move

Avatar ID: 1 	Position: (0, 4)	 	Move attempted: West

Avatar ID: 2 	Position: (4, 9)	 	Move attempted: Null move

Avatar ID: 0 	Position: (4, 9)	 	Move attempted: Null move

Avatar ID: 1 	Position: (0, 4)	 	Move attempted: North

Avatar ID: 2 	Position: (4, 9)	 	Move attempted: Null move

Avatar ID: 0 	Position: (4, 9)	 	Move attempted: Null move

Avatar ID: 1 	Position: (0, 3)	 	Move attempted: West

Avatar ID: 0 	Position: (4, 9)	 	Move attempted: Null move

Avatar ID: 2 	Position: (4, 9)	 	Move attempted: Null move

Avatar ID: 1 	Position: (0, 3)	 	Move attempted: North

Avatar ID: 2 	Position: (4, 9)	 	Move attempted: Null move

Avatar ID: 1 	Position: (0, 2)	 	Move attempted: West

Avatar ID: 0 	Position: (4, 9)	 	Move attempted: Null move

Avatar ID: 2 	Position: (4, 9)	 	Move attempted: Null move

Avatar ID: 1 	Position: (0, 2)	 	Move attempted: North

Avatar ID: 0 	Position: (4, 9)	 	Move attempted: Null move

Avatar ID: 2 	Position: (4, 9)	 	Move attempted: Null move

Avatar ID: 1 	Position: (0, 1)	 	Move attempted: West

Avatar ID: 0 	Position: (4, 9)	 	Move attempted: Null move

Avatar ID: 2 	Position: (4, 9)	 	Move attempted: Null move

Avatar ID: 1 	Position: (0, 1)	 	Move attempted: North

Avatar ID: 0 	Position: (4, 9)	 	Move attempted: Null move

Avatar ID: 2 	Position: (4, 9)	 	Move attempted: Null move

Avatar ID: 1 	Position: (0, 1)	 	Move attempted: East

Avatar ID: 0 	Position: (4, 9)	 	Move attempted: Null move

Avatar ID: 2 	Position: (4, 9)	 	Move attempted: Null move

Avatar ID: 1 	Position: (1, 1)	 	Move attempted: North

Avatar ID: 0 	Position: (4, 9)	 	Move attempted: Null move

Avatar ID: 2 	Position: (4, 9)	 	Move attempted: Null move

Avatar ID: 1 	Position: (1, 0)	 	Move attempted: West

Avatar ID: 0 	Position: (4, 9)	 	Move attempted: Null move

Avatar ID: 2 	Position: (4, 9)	 	Move attempted: Null move

Avatar ID: 1 	Position: (0, 0)	 	Move attempted: South

Avatar ID: 0 	Position: (4, 9)	 	Move attempted: Null move

Avatar ID: 2 	Position: (4, 9)	 	Move attempted: Null move

Avatar ID: 1 	Position: (0, 0)	 	Move attempted: West

Avatar ID: 0 	Position: (4, 9)	 	Move attempted: Null move

Avatar ID: 2 	Position: (4, 9)	 	Move attempted: Null move

Avatar ID: 1 	Position: (0, 0)	 	Move attempted: North

Avatar ID: 0 	Position: (4, 9)	 	Move attempted: Null move

Avatar ID: 2 	Position: (4, 9)	 	Move attempted: Null move

Avatar ID: 0 	Position: (4, 9)	 	Move attempted: Null move

Avatar ID: 1 	Position: (0, 0)	 	Move attempted: East

Avatar ID: 2 	Position: (4, 9)	 	Move attempted: Null move

Avatar ID: 1 	Position: (1, 0)	 	Move attempted: North

Avatar ID: 0 	Position: (4, 9)	 	Move attempted: Null move

Avatar ID: 2 	Position: (4, 9)	 	Move attempted: Null move

Avatar ID: 0 	Position: (4, 9)	 	Move attempted: Null move

Avatar ID: 1 	Position: (1, 0)	 	Move attempted: East

Avatar ID: 2 	Position: (4, 9)	 	Move attempted: Null move

Avatar ID: 0 	Position: (4, 9)	 	Move attempted: Null move

Avatar ID: 1 	Position: (2, 0)	 	Move attempted: North

Avatar ID: 0 	Position: (4, 9)	 	Move attempted: Null move

Avatar ID: 2 	Position: (4, 9)	 	Move attempted: Null move

Avatar ID: 1 	Position: (2, 0)	 	Move attempted: East

Avatar ID: 2 	Position: (4, 9)	 	Move attempted: Null move

Avatar ID: 0 	Position: (4, 9)	 	Move attempted: Null move

Avatar ID: 1 	Position: (3, 0)	 	Move attempted: North

Avatar ID: 2 	Position: (4, 9)	 	Move attempted: Null move

Avatar ID: 0 	Position: (4, 9)	 	Move attempted: Null move

Avatar ID: 1 	Position: (3, 0)	 	Move attempted: East

Avatar ID: 2 	Position: (4, 9)	 	Move attempted: Null move

Avatar ID: 0 	Position: (4, 9)	 	Move attempted: Null move

Avatar ID: 1 	Position: (4, 0)	 	Move attempted: North

Avatar ID: 2 	Position: (4, 9)	 	Move attempted: Null move

Avatar ID: 0 	Position: (4, 9)	 	Move attempted: Null move

Avatar ID: 1 	Position: (4, 0)	 	Move attempted: East

Avatar ID: 2 	Position: (4, 9)	 	Move attempted: Null move

Avatar ID: 0 	Position: (4, 9)	 	Move attempted: Null move

Avatar ID: 1 	Position: (4, 0)	 	Move attempted: South

Avatar ID: 2 	Position: (4, 9)	 	Move attempted: Null move

Avatar ID: 0 	Position: (4, 9)	 	Move attempted: Null move

Avatar ID: 1 	Position: (4, 1)	 	Move attempted: East

Avatar ID: 2 	Position: (4, 9)	 	Move attempted: Null move

Avatar ID: 0 	Position: (4, 9)	 	Move attempted: Null move

Avatar ID: 1 	Position: (5, 1)	 	Move attempted: North

Avatar ID: 2 	Position: (4, 9)	 	Move attempted: Null move

Avatar ID: 0 	Position: (4, 9)	 	Move attempted: Null move

Avatar ID: 1 	Position: (5, 0)	 	Move attempted: West

Avatar ID: 2 	Position: (4, 9)	 	Move attempted: Null move

Avatar ID: 0 	Position: (4, 9)	 	Move attempted: Null move

Avatar ID: 1 	Position: (5, 0)	 	Move attempted: North

Avatar ID: 2 	Position: (4, 9)	 	Move attempted: Null move

Avatar ID: 0 	Position: (4, 9)	 	Move attempted: Null move

Avatar ID: 1 	Position: (5, 0)	 	Move attempted: East

Avatar ID: 2 	Position: (4, 9)	 	Move attempted: Null move

Avatar ID: 1 	Position: (5, 0)	 	Move attempted: South

Avatar ID: 0 	Position: (4, 9)	 	Move attempted: Null move

Avatar ID: 2 	Position: (4, 9)	 	Move attempted: Null move

Avatar ID: 0 	Position: (4, 9)	 	Move attempted: Null move

Avatar ID: 1 	Position: (5, 1)	 	Move attempted: East

Avatar ID: 2 	Position: (4, 9)	 	Move attempted: Null move

Avatar ID: 0 	Position: (4, 9)	 	Move attempted: Null move

Avatar ID: 1 	Position: (5, 1)	 	Move attempted: South

Avatar ID: 2 	Position: (4, 9)	 	Move attempted: Null move

Avatar ID: 1 	Position: (5, 1)	 	Move attempted: West

Avatar ID: 0 	Position: (4, 9)	 	Move attempted: Null move

Avatar ID: 2 	Position: (4, 9)	 	Move attempted: Null move

Avatar ID: 1 	Position: (4, 1)	 	Move attempted: South

Avatar ID: 0 	Position: (4, 9)	 	Move attempted: Null move

Avatar ID: 2 	Position: (4, 9)	 	Move attempted: Null move

Avatar ID: 0 	Position: (4, 9)	 	Move attempted: Null move

Avatar ID: 1 	Position: (4, 1)	 	Move attempted: West

Avatar ID: 2 	Position: (4, 9)	 	Move attempted: Null move

Avatar ID: 0 	Position: (4, 9)	 	Move attempted: Null move

Avatar ID: 1 	Position: (4, 1)	 	Move attempted: North

Avatar ID: 2 	Position: (4, 9)	 	Move attempted: Null move

Avatar ID: 0 	Position: (4, 9)	 	Move attempted: Null move

Avatar ID: 1 	Position: (4, 0)	 	Move attempted: West

Avatar ID: 2 	Position: (4, 9)	 	Move attempted: Null move

Avatar ID: 0 	Position: (4, 9)	 	Move attempted: Null move

Avatar ID: 1 	Position: (3, 0)	 	Move attempted: South

Avatar ID: 2 	Position: (4, 9)	 	Move attempted: Null move

Avatar ID: 0 	Position: (4, 9)	 	Move attempted: Null move

Avatar ID: 1 	Position: (3, 0)	 	Move attempted: West

Avatar ID: 2 	Position: (4, 9)	 	Move attempted: Null move

Avatar ID: 0 	Position: (4, 9)	 	Move attempted: Null move

Avatar ID: 1 	Position: (2, 0)	 	Move attempted: South

Avatar ID: 2 	Position: (4, 9)	 	Move attempted: Null move

Avatar ID: 0 	Position: (4, 9)	 	Move attempted: Null move

Avatar ID: 1 	Position: (2, 0)	 	Move attempted: West

Avatar ID: 2 	Position: (4, 9)	 	Move attempted: Null move

Avatar ID: 0 	Position: (4, 9)	 	Move attempted: Null move

Avatar ID: 1 	Position: (1, 0)	 	Move attempted: South

Avatar ID: 2 	Position: (4, 9)	 	Move attempted: Null move

Avatar ID: 0 	Position: (4, 9)	 	Move attempted: Null move

Avatar ID: 1 	Position: (1, 1)	 	Move attempted: East

Avatar ID: 2 	Position: (4, 9)	 	Move attempted: Null move

Avatar ID: 1 	Position: (1, 1)	 	Move attempted: South

Avatar ID: 0 	Position: (4, 9)	 	Move attempted: Null move

Avatar ID: 2 	Position: (4, 9)	 	Move attempted: Null move

Avatar ID: 0 	Position: (4, 9)	 	Move attempted: Null move

Avatar ID: 1 	Position: (1, 1)	 	Move attempted: West

Avatar ID: 2 	Position: (4, 9)	 	Move attempted: Null move

Avatar ID: 0 	Position: (4, 9)	 	Move attempted: Null move

Avatar ID: 1 	Position: (0, 1)	 	Move attempted: South

Avatar ID: 2 	Position: (4, 9)	 	Move attempted: Null move

Avatar ID: 0 	Position: (4, 9)	 	Move attempted: Null move

Avatar ID: 1 	Position: (0, 2)	 	Move attempted: East

Avatar ID: 2 	Position: (4, 9)	 	Move attempted: Null move

Avatar ID: 0 	Position: (4, 9)	 	Move attempted: Null move

Avatar ID: 1 	Position: (1, 2)	 	Move attempted: North

Avatar ID: 2 	Position: (4, 9)	 	Move attempted: Null move

Avatar ID: 1 	Position: (1, 2)	 	Move attempted: East

Avatar ID: 0 	Position: (4, 9)	 	Move attempted: Null move

Avatar ID: 2 	Position: (4, 9)	 	Move attempted: Null move

Avatar ID: 1 	Position: (2, 2)	 	Move attempted: North

Avatar ID: 0 	Position: (4, 9)	 	Move attempted: Null move

Avatar ID: 2 	Position: (4, 9)	 	Move attempted: Null move

Avatar ID: 0 	Position: (4, 9)	 	Move attempted: Null move

Avatar ID: 1 	Position: (2, 1)	 	Move attempted: West

Avatar ID: 2 	Position: (4, 9)	 	Move attempted: Null move

Avatar ID: 0 	Position: (4, 9)	 	Move attempted: Null move

Avatar ID: 1 	Position: (2, 1)	 	Move attempted: North

Avatar ID: 2 	Position: (4, 9)	 	Move attempted: Null move

Avatar ID: 0 	Position: (4, 9)	 	Move attempted: Null move

Avatar ID: 1 	Position: (2, 1)	 	Move attempted: East

Avatar ID: 2 	Position: (4, 9)	 	Move attempted: Null move

Avatar ID: 0 	Position: (4, 9)	 	Move attempted: Null move

Avatar ID: 1 	Position: (3, 1)	 	Move attempted: North

Avatar ID: 2 	Position: (4, 9)	 	Move attempted: Null move

Avatar ID: 0 	Position: (4, 9)	 	Move attempted: Null move

Avatar ID: 1 	Position: (3, 1)	 	Move attempted: East

Avatar ID: 2 	Position: (4, 9)	 	Move attempted: Null move

Avatar ID: 0 	Position: (4, 9)	 	Move attempted: Null move

Avatar ID: 1 	Position: (3, 1)	 	Move attempted: South

Avatar ID: 2 	Position: (4, 9)	 	Move attempted: Null move

Avatar ID: 0 	Position: (4, 9)	 	Move attempted: Null move

Avatar ID: 1 	Position: (3, 2)	 	Move attempted: East

Avatar ID: 2 	Position: (4, 9)	 	Move attempted: Null move

Avatar ID: 0 	Position: (4, 9)	 	Move attempted: Null move

Avatar ID: 1 	Position: (4, 2)	 	Move attempted: North

Avatar ID: 2 	Position: (4, 9)	 	Move attempted: Null move

Avatar ID: 0 	Position: (4, 9)	 	Move attempted: Null move

Avatar ID: 1 	Position: (4, 2)	 	Move attempted: East

Avatar ID: 2 	Position: (4, 9)	 	Move attempted: Null move

Avatar ID: 0 	Position: (4, 9)	 	Move attempted: Null move

Avatar ID: 1 	Position: (5, 2)	 	Move attempted: North

Avatar ID: 2 	Position: (4, 9)	 	Move attempted: Null move

Avatar ID: 0 	Position: (4, 9)	 	Move attempted: Null move

Avatar ID: 1 	Position: (5, 2)	 	Move attempted: East

Avatar ID: 2 	Position: (4, 9)	 	Move attempted: Null move

Avatar ID: 1 	Position: (6, 2)	 	Move attempted: North

Avatar ID: 0 	Position: (4, 9)	 	Move attempted: Null move

Avatar ID: 2 	Position: (4, 9)	 	Move attempted: Null move

Avatar ID: 1 	Position: (6, 1)	 	Move attempted: West

Avatar ID: 0 	Position: (4, 9)	 	Move attempted: Null move

Avatar ID: 2 	Position: (4, 9)	 	Move attempted: Null move

Avatar ID: 1 	Position: (6, 1)	 	Move attempted: North

Avatar ID: 0 	Position: (4, 9)	 	Move attempted: Null move

Avatar ID: 2 	Position: (4, 9)	 	Move attempted: Null move

Avatar ID: 1 	Position: (6, 0)	 	Move attempted: West

Avatar ID: 0 	Position: (4, 9)	 	Move attempted: Null move

Avatar ID: 2 	Position: (4, 9)	 	Move attempted: Null move

Avatar ID: 1 	Position: (6, 0)	 	Move attempted: North

Avatar ID: 0 	Position: (4, 9)	 	Move attempted: Null move

Avatar ID: 2 	Position: (4, 9)	 	Move attempted: Null move

Avatar ID: 1 	Position: (6, 0)	 	Move attempted: East

Avatar ID: 0 	Position: (4, 9)	 	Move attempted: Null move

Avatar ID: 2 	Position: (4, 9)	 	Move attempted: Null move

Avatar ID: 0 	Position: (4, 9)	 	Move attempted: Null move

Avatar ID: 1 	Position: (7, 0)	 	Move attempted: North

Avatar ID: 2 	Position: (4, 9)	 	Move attempted: Null move

Avatar ID: 0 	Position: (4, 9)	 	Move attempted: Null move

Avatar ID: 1 	Position: (7, 0)	 	Move attempted: East

Avatar ID: 2 	Position: (4, 9)	 	Move attempted: Null move

Avatar ID: 0 	Position: (4, 9)	 	Move attempted: Null move

Avatar ID: 1 	Position: (8, 0)	 	Move attempted: North

Avatar ID: 2 	Position: (4, 9)	 	Move attempted: Null move

Avatar ID: 0 	Position: (4, 9)	 	Move attempted: Null move

Avatar ID: 1 	Position: (8, 0)	 	Move attempted: East

Avatar ID: 2 	Position: (4, 9)	 	Move attempted: Null move

Avatar ID: 0 	Position: (4, 9)	 	Move attempted: Null move

Avatar ID: 1 	Position: (9, 0)	 	Move attempted: North

Avatar ID: 2 	Position: (4, 9)	 	Move attempted: Null move

Avatar ID: 0 	Position: (4, 9)	 	Move attempted: Null move

Avatar ID: 1 	Position: (9, 0)	 	Move attempted: East

Avatar ID: 2 	Position: (4, 9)	 	Move attempted: Null move

Avatar ID: 0 	Position: (4, 9)	 	Move attempted: Null move

Avatar ID: 1 	Position: (10, 0)	 	Move attempted: North

Avatar ID: 2 	Position: (4, 9)	 	Move attempted: Null move

Avatar ID: 0 	Position: (4, 9)	 	Move attempted: Null move

Avatar ID: 1 	Position: (10, 0)	 	Move attempted: East

Avatar ID: 2 	Position: (4, 9)	 	Move attempted: Null move

Avatar ID: 0 	Position: (4, 9)	 	Move attempted: Null move

Avatar ID: 1 	Position: (10, 0)	 	Move attempted: South

Avatar ID: 2 	Position: (4, 9)	 	Move attempted: Null move

Avatar ID: 0 	Position: (4, 9)	 	Move attempted: Null move

Avatar ID: 1 	Position: (10, 1)	 	Move attempted: East

Avatar ID: 2 	Position: (4, 9)	 	Move attempted: Null move

Avatar ID: 0 	Position: (4, 9)	 	Move attempted: Null move

Avatar ID: 1 	Position: (11, 1)	 	Move attempted: North

Avatar ID: 2 	Position: (4, 9)	 	Move attempted: Null move

Avatar ID: 0 	Position: (4, 9)	 	Move attempted: Null move

Avatar ID: 1 	Position: (11, 0)	 	Move attempted: West

Avatar ID: 2 	Position: (4, 9)	 	Move attempted: Null move

Avatar ID: 0 	Position: (4, 9)	 	Move attempted: Null move

Avatar ID: 1 	Position: (11, 0)	 	Move attempted: North

Avatar ID: 2 	Position: (4, 9)	 	Move attempted: Null move

Avatar ID: 0 	Position: (4, 9)	 	Move attempted: Null move

Avatar ID: 1 	Position: (11, 0)	 	Move attempted: East

Avatar ID: 2 	Position: (4, 9)	 	Move attempted: Null move

Avatar ID: 0 	Position: (4, 9)	 	Move attempted: Null move

Avatar ID: 1 	Position: (11, 0)	 	Move attempted: South

Avatar ID: 2 	Position: (4, 9)	 	Move attempted: Null move

Avatar ID: 0 	Position: (4, 9)	 	Move attempted: Null move

Avatar ID: 1 	Position: (11, 1)	 	Move attempted: East

Avatar ID: 2 	Position: (4, 9)	 	Move attempted: Null move

Avatar ID: 0 	Position: (4, 9)	 	Move attempted: Null move

Avatar ID: 1 	Position: (11, 1)	 	Move attempted: South

Avatar ID: 2 	Position: (4, 9)	 	Move attempted: Null move

Avatar ID: 0 	Position: (4, 9)	 	Move attempted: Null move

Avatar ID: 1 	Position: (11, 2)	 	Move attempted: East

Avatar ID: 2 	Position: (4, 9)	 	Move attempted: Null move

Avatar ID: 0 	Position: (4, 9)	 	Move attempted: Null move

Avatar ID: 1 	Position: (11, 2)	 	Move attempted: South

Avatar ID: 2 	Position: (4, 9)	 	Move attempted: Null move

Avatar ID: 0 	Position: (4, 9)	 	Move attempted: Null move

Avatar ID: 1 	Position: (11, 3)	 	Move attempted: East

Avatar ID: 2 	Position: (4, 9)	 	Move attempted: Null move

Avatar ID: 1 	Position: (11, 3)	 	Move attempted: South

Avatar ID: 0 	Position: (4, 9)	 	Move attempted: Null move

Avatar ID: 2 	Position: (4, 9)	 	Move attempted: Null move

Avatar ID: 0 	Position: (4, 9)	 	Move attempted: Null move

Avatar ID: 1 	Position: (11, 4)	 	Move attempted: East

Avatar ID: 2 	Position: (4, 9)	 	Move attempted: Null move

Avatar ID: 0 	Position: (4, 9)	 	Move attempted: Null move

Avatar ID: 1 	Position: (11, 4)	 	Move attempted: South

Avatar ID: 2 	Position: (4, 9)	 	Move attempted: Null move

Avatar ID: 0 	Position: (4, 9)	 	Move attempted: Null move

Avatar ID: 1 	Position: (11, 5)	 	Move attempted: East

Avatar ID: 2 	Position: (4, 9)	 	Move attempted: Null move

Avatar ID: 0 	Position: (4, 9)	 	Move attempted: Null move

Avatar ID: 1 	Position: (11, 5)	 	Move attempted: South

Avatar ID: 2 	Position: (4, 9)	 	Move attempted: Null move

Avatar ID: 0 	Position: (4, 9)	 	Move attempted: Null move

Avatar ID: 1 	Position: (11, 6)	 	Move attempted: East

Avatar ID: 2 	Position: (4, 9)	 	Move attempted: Null move

Avatar ID: 0 	Position: (4, 9)	 	Move attempted: Null move

Avatar ID: 1 	Position: (11, 6)	 	Move attempted: South

Avatar ID: 2 	Position: (4, 9)	 	Move attempted: Null move

Avatar ID: 0 	Position: (4, 9)	 	Move attempted: Null move

Avatar ID: 1 	Position: (11, 7)	 	Move attempted: East

Avatar ID: 2 	Position: (4, 9)	 	Move attempted: Null move

Avatar ID: 0 	Position: (4, 9)	 	Move attempted: Null move

Avatar ID: 1 	Position: (11, 7)	 	Move attempted: South

Avatar ID: 2 	Position: (4, 9)	 	Move attempted: Null move

Avatar ID: 0 	Position: (4, 9)	 	Move attempted: Null move

Avatar ID: 1 	Position: (11, 7)	 	Move attempted: West

Avatar ID: 2 	Position: (4, 9)	 	Move attempted: Null move

Avatar ID: 0 	Position: (4, 9)	 	Move attempted: Null move

Avatar ID: 1 	Position: (11, 7)	 	Move attempted: North

Avatar ID: 2 	Position: (4, 9)	 	Move attempted: Null move

Avatar ID: 0 	Position: (4, 9)	 	Move attempted: Null move

Avatar ID: 1 	Position: (11, 6)	 	Move attempted: West

Avatar ID: 2 	Position: (4, 9)	 	Move attempted: Null move

Avatar ID: 0 	Position: (4, 9)	 	Move attempted: Null move

Avatar ID: 1 	Position: (11, 6)	 	Move attempted: North

Avatar ID: 2 	Position: (4, 9)	 	Move attempted: Null move

Avatar ID: 0 	Position: (4, 9)	 	Move attempted: Null move

Avatar ID: 1 	Position: (11, 5)	 	Move attempted: West

Avatar ID: 0 	Position: (4, 9)	 	Move attempted: Null move

Avatar ID: 2 	Position: (4, 9)	 	Move attempted: Null move

Avatar ID: 1 	Position: (11, 5)	 	Move attempted: North

Avatar ID: 2 	Position: (4, 9)	 	Move attempted: Null move

Avatar ID: 0 	Position: (4, 9)	 	Move attempted: Null move

Avatar ID: 1 	Position: (11, 4)	 	Move attempted: West

Avatar ID: 2 	Position: (4, 9)	 	Move attempted: Null move

Avatar ID: 0 	Position: (4, 9)	 	Move attempted: Null move

Avatar ID: 1 	Position: (11, 4)	 	Move attempted: North

Avatar ID: 2 	Position: (4, 9)	 	Move attempted: Null move

Avatar ID: 0 	Position: (4, 9)	 	Move attempted: Null move

Avatar ID: 1 	Position: (11, 3)	 	Move attempted: West

Avatar ID: 2 	Position: (4, 9)	 	Move attempted: Null move

Avatar ID: 1 	Position: (10, 3)	 	Move attempted: South

Avatar ID: 0 	Position: (4, 9)	 	Move attempted: Null move

Avatar ID: 2 	Position: (4, 9)	 	Move attempted: Null move

Avatar ID: 0 	Position: (4, 9)	 	Move attempted: Null move

Avatar ID: 1 	Position: (10, 3)	 	Move attempted: West

Avatar ID: 2 	Position: (4, 9)	 	Move attempted: Null move

Avatar ID: 0 	Position: (4, 9)	 	Move attempted: Null move

Avatar ID: 1 	Position: (10, 3)	 	Move attempted: North

Avatar ID: 2 	Position: (4, 9)	 	Move attempted: Null move

Avatar ID: 1 	Position: (10, 2)	 	Move attempted: West

Avatar ID: 0 	Position: (4, 9)	 	Move attempted: Null move

Avatar ID: 2 	Position: (4, 9)	 	Move attempted: Null move

Avatar ID: 0 	Position: (4, 9)	 	Move attempted: Null move

Avatar ID: 1 	Position: (9, 2)	 	Move attempted: South

Avatar ID: 2 	Position: (4, 9)	 	Move attempted: Null move

Avatar ID: 1 	Position: (9, 3)	 	Move attempted: East

Avatar ID: 0 	Position: (4, 9)	 	Move attempted: Null move

Avatar ID: 2 	Position: (4, 9)	 	Move attempted: Null move

Avatar ID: 0 	Position: (4, 9)	 	Move attempted: Null move

Avatar ID: 1 	Position: (9, 3)	 	Move attempted: South

Avatar ID: 2 	Position: (4, 9)	 	Move attempted: Null move

Avatar ID: 0 	Position: (4, 9)	 	Move attempted: Null move

Avatar ID: 1 	Position: (9, 3)	 	Move attempted: West

Avatar ID: 2 	Position: (4, 9)	 	Move attempted: Null move

Avatar ID: 0 	Position: (4, 9)	 	Move attempted: Null move

Avatar ID: 1 	Position: (9, 3)	 	Move attempted: North

Avatar ID: 2 	Position: (4, 9)	 	Move attempted: Null move

Avatar ID: 0 	Position: (4, 9)	 	Move attempted: Null move

Avatar ID: 1 	Position: (9, 2)	 	Move attempted: West

Avatar ID: 2 	Position: (4, 9)	 	Move attempted: Null move

Avatar ID: 0 	Position: (4, 9)	 	Move attempted: Null move

Avatar ID: 1 	Position: (9, 2)	 	Move attempted: North

Avatar ID: 2 	Position: (4, 9)	 	Move attempted: Null move

Avatar ID: 0 	Position: (4, 9)	 	Move attempted: Null move

Avatar ID: 1 	Position: (9, 1)	 	Move attempted: West

Avatar ID: 2 	Position: (4, 9)	 	Move attempted: Null move

Avatar ID: 0 	Position: (4, 9)	 	Move attempted: Null move

Avatar ID: 1 	Position: (9, 1)	 	Move attempted: North

Avatar ID: 2 	Position: (4, 9)	 	Move attempted: Null move

Avatar ID: 0 	Position: (4, 9)	 	Move attempted: Null move

Avatar ID: 1 	Position: (9, 1)	 	Move attempted: East

Avatar ID: 2 	Position: (4, 9)	 	Move attempted: Null move

Avatar ID: 0 	Position: (4, 9)	 	Move attempted: Null move

Avatar ID: 1 	Position: (9, 1)	 	Move attempted: South

Avatar ID: 2 	Position: (4, 9)	 	Move attempted: Null move

Avatar ID: 0 	Position: (4, 9)	 	Move attempted: Null move

Avatar ID: 1 	Position: (9, 2)	 	Move attempted: East

Avatar ID: 2 	Position: (4, 9)	 	Move attempted: Null move

Avatar ID: 0 	Position: (4, 9)	 	Move attempted: Null move

Avatar ID: 1 	Position: (10, 2)	 	Move attempted: North

Avatar ID: 2 	Position: (4, 9)	 	Move attempted: Null move

Avatar ID: 0 	Position: (4, 9)	 	Move attempted: Null move

Avatar ID: 1 	Position: (10, 2)	 	Move attempted: East

Avatar ID: 2 	Position: (4, 9)	 	Move attempted: Null move

Avatar ID: 0 	Position: (4, 9)	 	Move attempted: Null move

Avatar ID: 1 	Position: (10, 2)	 	Move attempted: South

Avatar ID: 2 	Position: (4, 9)	 	Move attempted: Null move

Avatar ID: 0 	Position: (4, 9)	 	Move attempted: Null move

Avatar ID: 1 	Position: (10, 3)	 	Move attempted: East

Avatar ID: 2 	Position: (4, 9)	 	Move attempted: Null move

Avatar ID: 0 	Position: (4, 9)	 	Move attempted: Null move

Avatar ID: 1 	Position: (11, 3)	 	Move attempted: North

Avatar ID: 2 	Position: (4, 9)	 	Move attempted: Null move

Avatar ID: 0 	Position: (4, 9)	 	Move attempted: Null move

Avatar ID: 1 	Position: (11, 2)	 	Move attempted: West

Avatar ID: 2 	Position: (4, 9)	 	Move attempted: Null move

Avatar ID: 0 	Position: (4, 9)	 	Move attempted: Null move

Avatar ID: 1 	Position: (11, 2)	 	Move attempted: North

Avatar ID: 2 	Position: (4, 9)	 	Move attempted: Null move

Avatar ID: 0 	Position: (4, 9)	 	Move attempted: Null move

Avatar ID: 1 	Position: (11, 1)	 	Move attempted: West

Avatar ID: 2 	Position: (4, 9)	 	Move attempted: Null move

Avatar ID: 0 	Position: (4, 9)	 	Move attempted: Null move

Avatar ID: 1 	Position: (10, 1)	 	Move attempted: South

Avatar ID: 2 	Position: (4, 9)	 	Move attempted: Null move

Avatar ID: 0 	Position: (4, 9)	 	Move attempted: Null move

Avatar ID: 1 	Position: (10, 1)	 	Move attempted: West

Avatar ID: 2 	Position: (4, 9)	 	Move attempted: Null move

Avatar ID: 0 	Position: (4, 9)	 	Move attempted: Null move

Avatar ID: 1 	Position: (10, 1)	 	Move attempted: North

Avatar ID: 2 	Position: (4, 9)	 	Move attempted: Null move

Avatar ID: 0 	Position: (4, 9)	 	Move attempted: Null move

Avatar ID: 1 	Position: (10, 0)	 	Move attempted: West

Avatar ID: 2 	Position: (4, 9)	 	Move attempted: Null move

Avatar ID: 0 	Position: (4, 9)	 	Move attempted: Null move

Avatar ID: 1 	Position: (9, 0)	 	Move attempted: South

Avatar ID: 2 	Position: (4, 9)	 	Move attempted: Null move

Avatar ID: 0 	Position: (4, 9)	 	Move attempted: Null move

Avatar ID: 1 	Position: (9, 0)	 	Move attempted: West

Avatar ID: 2 	Position: (4, 9)	 	Move attempted: Null move

Avatar ID: 0 	Position: (4, 9)	 	Move attempted: Null move

Avatar ID: 1 	Position: (8, 0)	 	Move attempted: South

Avatar ID: 2 	Position: (4, 9)	 	Move attempted: Null move

Avatar ID: 0 	Position: (4, 9)	 	Move attempted: Null move

Avatar ID: 1 	Position: (8, 1)	 	Move attempted: East

Avatar ID: 2 	Position: (4, 9)	 	Move attempted: Null move

Avatar ID: 0 	Position: (4, 9)	 	Move attempted: Null move

Avatar ID: 1 	Position: (8, 1)	 	Move attempted: South

Avatar ID: 2 	Position: (4, 9)	 	Move attempted: Null move

Avatar ID: 1 	Position: (8, 2)	 	Move attempted: East

Avatar ID: 0 	Position: (4, 9)	 	Move attempted: Null move

Avatar ID: 2 	Position: (4, 9)	 	Move attempted: Null move

Avatar ID: 0 	Position: (4, 9)	 	Move attempted: Null move

Avatar ID: 1 	Position: (8, 2)	 	Move attempted: South

Avatar ID: 2 	Position: (4, 9)	 	Move attempted: Null move

Avatar ID: 0 	Position: (4, 9)	 	Move attempted: Null move

Avatar ID: 1 	Position: (8, 3)	 	Move attempted: East

Avatar ID: 2 	Position: (4, 9)	 	Move attempted: Null move

Avatar ID: 0 	Position: (4, 9)	 	Move attempted: Null move

Avatar ID: 1 	Position: (8, 3)	 	Move attempted: South

Avatar ID: 2 	Position: (4, 9)	 	Move attempted: Null move

Avatar ID: 0 	Position: (4, 9)	 	Move attempted: Null move

Avatar ID: 1 	Position: (8, 3)	 	Move attempted: West

Avatar ID: 2 	Position: (4, 9)	 	Move attempted: Null move

Avatar ID: 0 	Position: (4, 9)	 	Move attempted: Null move

Avatar ID: 1 	Position: (7, 3)	 	Move attempted: South

Avatar ID: 2 	Position: (4, 9)	 	Move attempted: Null move

Avatar ID: 0 	Position: (4, 9)	 	Move attempted: Null move

Avatar ID: 1 	Position: (7, 4)	 	Move attempted: East

Avatar ID: 2 	Position: (4, 9)	 	Move attempted: Null move

Avatar ID: 0 	Position: (4, 9)	 	Move attempted: Null move

Avatar ID: 1 	Position: (8, 4)	 	Move attempted: North

Avatar ID: 2 	Position: (4, 9)	 	Move attempted: Null move

Avatar ID: 0 	Position: (4, 9)	 	Move attempted: Null move

Avatar ID: 1 	Position: (8, 4)	 	Move attempted: East

Avatar ID: 2 	Position: (4, 9)	 	Move attempted: Null move

Avatar ID: 0 	Position: (4, 9)	 	Move attempted: Null move

Avatar ID: 1 	Position: (9, 4)	 	Move attempted: North

Avatar ID: 2 	Position: (4, 9)	 	Move attempted: Null move

Avatar ID: 0 	Position: (4, 9)	 	Move attempted: Null move

Avatar ID: 1 	Position: (9, 4)	 	Move attempted: East

Avatar ID: 2 	Position: (4, 9)	 	Move attempted: Null move

Avatar ID: 0 	Position: (4, 9)	 	Move attempted: Null move

Avatar ID: 1 	Position: (10, 4)	 	Move attempted: North

Avatar ID: 0 	Position: (4, 9)	 	Move attempted: Null move

Avatar ID: 2 	Position: (4, 9)	 	Move attempted: Null move

Avatar ID: 1 	Position: (10, 4)	 	Move attempted: East

Avatar ID: 2 	Position: (4, 9)	 	Move attempted: Null move

Avatar ID: 0 	Position: (4, 9)	 	Move attempted: Null move

Avatar ID: 1 	Position: (10, 4)	 	Move attempted: South

Avatar ID: 2 	Position: (4, 9)	 	Move attempted: Null move

Avatar ID: 0 	Position: (4, 9)	 	Move attempted: Null move

Avatar ID: 1 	Position: (10, 5)	 	Move attempted: East

Avatar ID: 2 	Position: (4, 9)	 	Move attempted: Null move

Avatar ID: 0 	Position: (4, 9)	 	Move attempted: Null move

Avatar ID: 1 	Position: (10, 5)	 	Move attempted: South

Avatar ID: 2 	Position: (4, 9)	 	Move attempted: Null move

Avatar ID: 0 	Position: (4, 9)	 	Move attempted: Null move

Avatar ID: 1 	Position: (10, 6)	 	Move attempted: East

Avatar ID: 2 	Position: (4, 9)	 	Move attempted: Null move

Avatar ID: 0 	Position: (4, 9)	 	Move attempted: Null move

Avatar ID: 1 	Position: (10, 6)	 	Move attempted: South

Avatar ID: 2 	Position: (4, 9)	 	Move attempted: Null move

Avatar ID: 0 	Position: (4, 9)	 	Move attempted: Null move

Avatar ID: 1 	Position: (10, 7)	 	Move attempted: East

Avatar ID: 2 	Position: (4, 9)	 	Move attempted: Null move

Avatar ID: 0 	Position: (4, 9)	 	Move attempted: Null move

Avatar ID: 1 	Position: (10, 7)	 	Move attempted: South

Avatar ID: 2 	Position: (4, 9)	 	Move attempted: Null move

Avatar ID: 0 	Position: (4, 9)	 	Move attempted: Null move

Avatar ID: 1 	Position: (10, 8)	 	Move attempted: East

Avatar ID: 2 	Position: (4, 9)	 	Move attempted: Null move

Avatar ID: 0 	Position: (4, 9)	 	Move attempted: Null move

Avatar ID: 1 	Position: (11, 8)	 	Move attempted: North

Avatar ID: 2 	Position: (4, 9)	 	Move attempted: Null move

Avatar ID: 0 	Position: (4, 9)	 	Move attempted: Null move

Avatar ID: 1 	Position: (11, 8)	 	Move attempted: East

Avatar ID: 2 	Position: (4, 9)	 	Move attempted: Null move

Avatar ID: 0 	Position: (4, 9)	 	Move attempted: Null move

Avatar ID: 1 	Position: (11, 8)	 	Move attempted: South

Avatar ID: 2 	Position: (4, 9)	 	Move attempted: Null move

Avatar ID: 0 	Position: (4, 9)	 	Move attempted: Null move

Avatar ID: 1 	Position: (11, 9)	 	Move attempted: East

Avatar ID: 2 	Position: (4, 9)	 	Move attempted: Null move

Avatar ID: 0 	Position: (4, 9)	 	Move attempted: Null move

Avatar ID: 1 	Position: (11, 9)	 	Move attempted: South

Avatar ID: 2 	Position: (4, 9)	 	Move attempted: Null move

Avatar ID: 0 	Position: (4, 9)	 	Move attempted: Null move

Avatar ID: 1 	Position: (11, 9)	 	Move attempted: West

Avatar ID: 2 	Position: (4, 9)	 	Move attempted: Null move

Avatar ID: 0 	Position: (4, 9)	 	Move attempted: Null move

Avatar ID: 1 	Position: (10, 9)	 	Move attempted: South

Avatar ID: 2 	Position: (4, 9)	 	Move attempted: Null move

Avatar ID: 0 	Position: (4, 9)	 	Move attempted: Null move

Avatar ID: 1 	Position: (10, 9)	 	Move attempted: West

Avatar ID: 2 	Position: (4, 9)	 	Move attempted: Null move

Avatar ID: 0 	Position: (4, 9)	 	Move attempted: Null move

Avatar ID: 1 	Position: (9, 9)	 	Move attempted: South

Avatar ID: 2 	Position: (4, 9)	 	Move attempted: Null move

Avatar ID: 1 	Position: (9, 9)	 	Move attempted: West

Avatar ID: 0 	Position: (4, 9)	 	Move attempted: Null move

Avatar ID: 2 	Position: (4, 9)	 	Move attempted: Null move

Avatar ID: 1 	Position: (8, 9)	 	Move attempted: South

Avatar ID: 0 	Position: (4, 9)	 	Move attempted: Null move

Avatar ID: 2 	Position: (4, 9)	 	Move attempted: Null move

Avatar ID: 1 	Position: (8, 9)	 	Move attempted: West

Avatar ID: 0 	Position: (4, 9)	 	Move attempted: Null move

Avatar ID: 2 	Position: (4, 9)	 	Move attempted: Null move

Avatar ID: 0 	Position: (4, 9)	 	Move attempted: Null move

Avatar ID: 1 	Position: (8, 9)	 	Move attempted: North

Avatar ID: 2 	Position: (4, 9)	 	Move attempted: Null move

Avatar ID: 0 	Position: (4, 9)	 	Move attempted: Null move

Avatar ID: 1 	Position: (8, 9)	 	Move attempted: East

Avatar ID: 2 	Position: (4, 9)	 	Move attempted: Null move

Avatar ID: 0 	Position: (4, 9)	 	Move attempted: Null move

Avatar ID: 1 	Position: (9, 9)	 	Move attempted: North

Avatar ID: 2 	Position: (4, 9)	 	Move attempted: Null move

Avatar ID: 0 	Position: (4, 9)	 	Move attempted: Null move

Avatar ID: 1 	Position: (9, 8)	 	Move attempted: West

Avatar ID: 2 	Position: (4, 9)	 	Move attempted: Null move

Avatar ID: 0 	Position: (4, 9)	 	Move attempted: Null move

Avatar ID: 1 	Position: (8, 8)	 	Move attempted: South

Avatar ID: 2 	Position: (4, 9)	 	Move attempted: Null move

Avatar ID: 0 	Position: (4, 9)	 	Move attempted: Null move

Avatar ID: 1 	Position: (8, 8)	 	Move attempted: West

Avatar ID: 2 	Position: (4, 9)	 	Move attempted: Null move

Avatar ID: 0 	Position: (4, 9)	 	Move attempted: Null move

Avatar ID: 1 	Position: (8, 8)	 	Move attempted: North

Avatar ID: 2 	Position: (4, 9)	 	Move attempted: Null move

Avatar ID: 0 	Position: (4, 9)	 	Move attempted: Null move

Avatar ID: 1 	Position: (8, 7)	 	Move attempted: West

Avatar ID: 2 	Position: (4, 9)	 	Move attempted: Null move

Avatar ID: 0 	Position: (4, 9)	 	Move attempted: Null move

Avatar ID: 1 	Position: (8, 7)	 	Move attempted: North

Avatar ID: 2 	Position: (4, 9)	 	Move attempted: Null move

Avatar ID: 0 	Position: (4, 9)	 	Move attempted: Null move

Avatar ID: 1 	Position: (8, 6)	 	Move attempted: West

Avatar ID: 2 	Position: (4, 9)	 	Move attempted: Null move

Avatar ID: 0 	Position: (4, 9)	 	Move attempted: Null move

Avatar ID: 1 	Position: (8, 6)	 	Move attempted: North

Avatar ID: 2 	Position: (4, 9)	 	Move attempted: Null move

Avatar ID: 0 	Position: (4, 9)	 	Move attempted: Null move

Avatar ID: 1 	Position: (8, 6)	 	Move attempted: East

Avatar ID: 2 	Position: (4, 9)	 	Move attempted: Null move

Avatar ID: 0 	Position: (4, 9)	 	Move attempted: Null move

Avatar ID: 1 	Position: (9, 6)	 	Move attempted: North

Avatar ID: 2 	Position: (4, 9)	 	Move attempted: Null move

Avatar ID: 0 	Position: (4, 9)	 	Move attempted: Null move

Avatar ID: 1 	Position: (9, 5)	 	Move attempted: West

Avatar ID: 2 	Position: (4, 9)	 	Move attempted: Null move

Avatar ID: 0 	Position: (4, 9)	 	Move attempted: Null move

Avatar ID: 1 	Position: (8, 5)	 	Move attempted: South

Avatar ID: 2 	Position: (4, 9)	 	Move attempted: Null move

Avatar ID: 0 	Position: (4, 9)	 	Move attempted: Null move

Avatar ID: 1 	Position: (8, 5)	 	Move attempted: West

Avatar ID: 2 	Position: (4, 9)	 	Move attempted: Null move

Avatar ID: 0 	Position: (4, 9)	 	Move attempted: Null move

Avatar ID: 1 	Position: (7, 5)	 	Move attempted: South

Avatar ID: 2 	Position: (4, 9)	 	Move attempted: Null move

Avatar ID: 0 	Position: (4, 9)	 	Move attempted: Null move

Avatar ID: 1 	Position: (7, 6)	 	Move attempted: East

Avatar ID: 2 	Position: (4, 9)	 	Move attempted: Null move

Avatar ID: 0 	Position: (4, 9)	 	Move attempted: Null move

Avatar ID: 1 	Position: (7, 6)	 	Move attempted: South

Avatar ID: 2 	Position: (4, 9)	 	Move attempted: Null move

Avatar ID: 0 	Position: (4, 9)	 	Move attempted: Null move

Avatar ID: 1 	Position: (7, 7)	 	Move attempted: East

Avatar ID: 2 	Position: (4, 9)	 	Move attempted: Null move

Avatar ID: 0 	Position: (4, 9)	 	Move attempted: Null move

Avatar ID: 1 	Position: (7, 7)	 	Move attempted: South

Avatar ID: 2 	Position: (4, 9)	 	Move attempted: Null move

Avatar ID: 0 	Position: (4, 9)	 	Move attempted: Null move

Avatar ID: 1 	Position: (7, 7)	 	Move attempted: West

Avatar ID: 2 	Position: (4, 9)	 	Move attempted: Null move

Avatar ID: 0 	Position: (4, 9)	 	Move attempted: Null move

Avatar ID: 1 	Position: (6, 7)	 	Move attempted: South

Avatar ID: 2 	Position: (4, 9)	 	Move attempted: Null move

Avatar ID: 0 	Position: (4, 9)	 	Move attempted: Null move

Avatar ID: 1 	Position: (6, 8)	 	Move attempted: East

Avatar ID: 2 	Position: (4, 9)	 	Move attempted: Null move

Avatar ID: 0 	Position: (4, 9)	 	Move attempted: Null move

Avatar ID: 1 	Position: (6, 8)	 	Move attempted: South

Avatar ID: 2 	Position: (4, 9)	 	Move attempted: Null move

Avatar ID: 0 	Position: (4, 9)	 	Move attempted: Null move

Avatar ID: 1 	Position: (6, 8)	 	Move attempted: West

Avatar ID: 2 	Position: (4, 9)	 	Move attempted: Null move

Avatar ID: 0 	Position: (4, 9)	 	Move attempted: Null move

Avatar ID: 1 	Position: (5, 8)	 	Move attempted: South

Avatar ID: 2 	Position: (4, 9)	 	Move attempted: Null move

Avatar ID: 0 	Position: (4, 9)	 	Move attempted: Null move

Avatar ID: 1 	Position: (5, 8)	 	Move attempted: West

Avatar ID: 2 	Position: (4, 9)	 	Move attempted: Null move

Avatar ID: 0 	Position: (4, 9)	 	Move attempted: Null move

Avatar ID: 1 	Position: (4, 8)	 	Move attempted: South

Avatar ID: 2 	Position: (4, 9)	 	Move attempted: Null move

Avatar ID: 0 	Position: (4, 9)	 	Move attempted: Null move

Avatar ID: 1 	Position: (4, 8)	 	Move attempted: West

Avatar ID: 2 	Position: (4, 9)	 	Move attempted: Null move

Avatar ID: 0 	Position: (4, 9)	 	Move attempted: Null move

Avatar ID: 1 	Position: (4, 8)	 	Move attempted: North

Avatar ID: 2 	Position: (4, 9)	 	Move attempted: Null move

Avatar ID: 0 	Position: (4, 9)	 	Move attempted: Null move

Avatar ID: 1 	Position: (4, 7)	 	Move attempted: West

Avatar ID: 2 	Position: (4, 9)	 	Move attempted: Null move

Avatar ID: 0 	Position: (4, 9)	 	Move attempted: Null move

Avatar ID: 1 	Position: (4, 7)	 	Move attempted: North

Avatar ID: 2 	Position: (4, 9)	 	Move attempted: Null move

Avatar ID: 0 	Position: (4, 9)	 	Move attempted: Null move

Avatar ID: 1 	Position: (4, 6)	 	Move attempted: West

Avatar ID: 2 	Position: (4, 9)	 	Move attempted: Null move

Avatar ID: 0 	Position: (4, 9)	 	Move attempted: Null move

Avatar ID: 1 	Position: (3, 6)	 	Move attempted: South

Avatar ID: 2 	Position: (4, 9)	 	Move attempted: Null move

Avatar ID: 0 	Position: (4, 9)	 	Move attempted: Null move

Avatar ID: 1 	Position: (3, 7)	 	Move attempted: East

Avatar ID: 2 	Position: (4, 9)	 	Move attempted: Null move

Avatar ID: 0 	Position: (4, 9)	 	Move attempted: Null move

Avatar ID: 1 	Position: (3, 7)	 	Move attempted: South

Avatar ID: 2 	Position: (4, 9)	 	Move attempted: Null move

Avatar ID: 0 	Position: (4, 9)	 	Move attempted: Null move

Avatar ID: 1 	Position: (3, 8)	 	Move attempted: East

Avatar ID: 2 	Position: (4, 9)	 	Move attempted: Null move

Avatar ID: 0 	Position: (4, 9)	 	Move attempted: Null move

Avatar ID: 1 	Position: (3, 8)	 	Move attempted: South

Avatar ID: 2 	Position: (4, 9)	 	Move attempted: Null move

Avatar ID: 0 	Position: (4, 9)	 	Move attempted: Null move

AM_MAZE_SOLVED message received!
AvatarID: 0 End position: (4, 9)	 
Number of avatars: 3
 Level of difficulty: 2
 Number of moves: 1360
 Hash: -797781683

Avatar ID: 1 	Position: (3, 9)	 	Move attempted: East

AM_MAZE_SOLVED message received!
AvatarID: 1 End position: (3, 9)	 
Number of avatars: 3
 Level of difficulty: 2
 Number of moves: 1360
 Hash: -797781683

AM_MAZE_SOLVED message received!
AvatarID: 2 End position: (4, 9)	 
Number of avatars: 3
 Level of difficulty: 2
 Number of moves: 1360
 Hash: -797781683
