ccurcelli, 44031, 27/08/2016 18:34:01
Avatar #0 sent AM_AVATAR_READY signal
Avatar #1 sent AM_AVATAR_READY signal
Avatar #2 sent AM_AVATAR_READY signal
Avatar #3 sent AM_AVATAR_READY signal
Avatar #4 sent AM_AVATAR_READY signal

Avatar ID: 3 	Position: (2, 2)	 	Move attempted: North

Avatar ID: 2 	Position: (0, 4)	 	Move attempted: North

Avatar ID: 1 	Position: (3, 2)	 	Move attempted: North

Avatar ID: 0 	Position: (0, 2)	 	Move attempted: Null move

Avatar ID: 4 	Position: (3, 4)	 	Move attempted: North

Avatar ID: 0 	Position: (0, 2)	 	Move attempted: Null move

Avatar ID: 1 	Position: (3, 1)	 	Move attempted: West

Avatar ID: 2 	Position: (0, 3)	 	Move attempted: West

Avatar ID: 3 	Position: (2, 1)	 	Move attempted: West

Avatar ID: 4 	Position: (3, 4)	 	Move attempted: East

Avatar ID: 1 	Position: (3, 1)	 	Move attempted: North

Avatar ID: 0 	Position: (0, 2)	 	Move attempted: Null move

Avatar ID: 2 	Position: (0, 3)	 	Move attempted: North

Avatar ID: 3 	Position: (2, 1)	 	Move attempted: North

Avatar ID: 4 	Position: (4, 4)	 	Move attempted: North

Avatar ID: 0 	Position: (0, 2)	 	Move attempted: Null move

Avatar ID: 1 	Position: (3, 1)	 	Move attempted: East

Avatar ID: 2 	Position: (0, 2)	 	Move attempted: Null move

Avatar ID: 3 	Position: (2, 0)	 	Move attempted: West

Avatar ID: 4 	Position: (4, 4)	 	Move attempted: East

Avatar ID: 0 	Position: (0, 2)	 	Move attempted: Null move

Avatar ID: 1 	Position: (3, 1)	 	Move attempted: South

Avatar ID: 2 	Position: (0, 2)	 	Move attempted: Null move

Avatar ID: 3 	Position: (1, 0)	 	Move attempted: South

Avatar ID: 4 	Position: (4, 4)	 	Move attempted: South

Avatar ID: 0 	Position: (0, 2)	 	Move attempted: Null move

Avatar ID: 1 	Position: (3, 2)	 	Move attempted: East

Avatar ID: 2 	Position: (0, 2)	 	Move attempted: Null move

Avatar ID: 3 	Position: (1, 1)	 	Move attempted: East

Avatar ID: 4 	Position: (4, 4)	 	Move attempted: West

Avatar ID: 0 	Position: (0, 2)	 	Move attempted: Null move

Avatar ID: 1 	Position: (4, 2)	 	Move attempted: North

Avatar ID: 2 	Position: (0, 2)	 	Move attempted: Null move

Avatar ID: 3 	Position: (1, 1)	 	Move attempted: South

Avatar ID: 4 	Position: (3, 4)	 	Move attempted: South

Avatar ID: 0 	Position: (0, 2)	 	Move attempted: Null move

Avatar ID: 1 	Position: (4, 2)	 	Move attempted: East

Avatar ID: 2 	Position: (0, 2)	 	Move attempted: Null move

Avatar ID: 3 	Position: (1, 1)	 	Move attempted: West

Avatar ID: 4 	Position: (3, 4)	 	Move attempted: West

Avatar ID: 0 	Position: (0, 2)	 	Move attempted: Null move

Avatar ID: 1 	Position: (4, 2)	 	Move attempted: South

Avatar ID: 2 	Position: (0, 2)	 	Move attempted: Null move

Avatar ID: 3 	Position: (0, 1)	 	Move attempted: South

Avatar ID: 4 	Position: (2, 4)	 	Move attempted: South

Avatar ID: 0 	Position: (0, 2)	 	Move attempted: Null move

Avatar ID: 1 	Position: (4, 3)	 	Move attempted: East

Avatar ID: 2 	Position: (0, 2)	 	Move attempted: Null move

Avatar ID: 3 	Position: (0, 1)	 	Move attempted: West

Avatar ID: 4 	Position: (2, 4)	 	Move attempted: West

Avatar ID: 0 	Position: (0, 2)	 	Move attempted: Null move

Avatar ID: 1 	Position: (4, 3)	 	Move attempted: South

Avatar ID: 2 	Position: (0, 2)	 	Move attempted: Null move

Avatar ID: 3 	Position: (0, 1)	 	Move attempted: North

Avatar ID: 4 	Position: (1, 4)	 	Move attempted: South

Avatar ID: 0 	Position: (0, 2)	 	Move attempted: Null move

Avatar ID: 1 	Position: (4, 3)	 	Move attempted: West

Avatar ID: 2 	Position: (0, 2)	 	Move attempted: Null move

Avatar ID: 3 	Position: (0, 0)	 	Move attempted: West

Avatar ID: 4 	Position: (1, 4)	 	Move attempted: West

Avatar ID: 0 	Position: (0, 2)	 	Move attempted: Null move

Avatar ID: 1 	Position: (3, 3)	 	Move attempted: South

Avatar ID: 2 	Position: (0, 2)	 	Move attempted: Null move

Avatar ID: 3 	Position: (0, 0)	 	Move attempted: North

Avatar ID: 4 	Position: (1, 4)	 	Move attempted: North

Avatar ID: 0 	Position: (0, 2)	 	Move attempted: Null move

Avatar ID: 1 	Position: (3, 3)	 	Move attempted: West

Avatar ID: 2 	Position: (0, 2)	 	Move attempted: Null move

Avatar ID: 3 	Position: (0, 0)	 	Move attempted: East

Avatar ID: 4 	Position: (1, 3)	 	Move attempted: West

Avatar ID: 0 	Position: (0, 2)	 	Move attempted: Null move

Avatar ID: 1 	Position: (2, 3)	 	Move attempted: South

Avatar ID: 2 	Position: (0, 2)	 	Move attempted: Null move

Avatar ID: 3 	Position: (0, 0)	 	Move attempted: South

Avatar ID: 4 	Position: (0, 3)	 	Move attempted: South

Avatar ID: 0 	Position: (0, 2)	 	Move attempted: Null move

Avatar ID: 1 	Position: (2, 4)	 	Move attempted: East

Avatar ID: 2 	Position: (0, 2)	 	Move attempted: Null move

Avatar ID: 3 	Position: (0, 1)	 	Move attempted: East

Avatar ID: 4 	Position: (0, 4)	 	Move attempted: East

Avatar ID: 0 	Position: (0, 2)	 	Move attempted: Null move

Avatar ID: 1 	Position: (3, 4)	 	Move attempted: North

Avatar ID: 2 	Position: (0, 2)	 	Move attempted: Null move

Avatar ID: 3 	Position: (1, 1)	 	Move attempted: North

Avatar ID: 4 	Position: (0, 4)	 	Move attempted: South

Avatar ID: 0 	Position: (0, 2)	 	Move attempted: Null move

Avatar ID: 1 	Position: (3, 4)	 	Move attempted: East

Avatar ID: 2 	Position: (0, 2)	 	Move attempted: Null move

Avatar ID: 3 	Position: (1, 0)	 	Move attempted: West

Avatar ID: 4 	Position: (0, 4)	 	Move attempted: West

Avatar ID: 0 	Position: (0, 2)	 	Move attempted: Null move

Avatar ID: 1 	Position: (4, 4)	 	Move attempted: North

Avatar ID: 2 	Position: (0, 2)	 	Move attempted: Null move

Avatar ID: 3 	Position: (1, 0)	 	Move attempted: North

Avatar ID: 4 	Position: (0, 4)	 	Move attempted: North

Avatar ID: 0 	Position: (0, 2)	 	Move attempted: Null move

Avatar ID: 1 	Position: (4, 4)	 	Move attempted: East

Avatar ID: 2 	Position: (0, 2)	 	Move attempted: Null move

Avatar ID: 3 	Position: (1, 0)	 	Move attempted: East

Avatar ID: 4 	Position: (0, 3)	 	Move attempted: West

Avatar ID: 0 	Position: (0, 2)	 	Move attempted: Null move

Avatar ID: 1 	Position: (4, 4)	 	Move attempted: South

Avatar ID: 2 	Position: (0, 2)	 	Move attempted: Null move

Avatar ID: 3 	Position: (2, 0)	 	Move attempted: North

Avatar ID: 4 	Position: (0, 3)	 	Move attempted: North

Avatar ID: 0 	Position: (0, 2)	 	Move attempted: Null move

Avatar ID: 1 	Position: (4, 4)	 	Move attempted: West

Avatar ID: 2 	Position: (0, 2)	 	Move attempted: Null move

Avatar ID: 3 	Position: (2, 0)	 	Move attempted: East

Avatar ID: 4 	Position: (0, 2)	 	Move attempted: Null move

Avatar ID: 0 	Position: (0, 2)	 	Move attempted: Null move

Avatar ID: 1 	Position: (3, 4)	 	Move attempted: South

Avatar ID: 2 	Position: (0, 2)	 	Move attempted: Null move

Avatar ID: 3 	Position: (3, 0)	 	Move attempted: North

Avatar ID: 4 	Position: (0, 2)	 	Move attempted: Null move

Avatar ID: 0 	Position: (0, 2)	 	Move attempted: Null move

Avatar ID: 1 	Position: (3, 4)	 	Move attempted: West

Avatar ID: 2 	Position: (0, 2)	 	Move attempted: Null move

Avatar ID: 3 	Position: (3, 0)	 	Move attempted: East

Avatar ID: 4 	Position: (0, 2)	 	Move attempted: Null move

Avatar ID: 0 	Position: (0, 2)	 	Move attempted: Null move

Avatar ID: 1 	Position: (2, 4)	 	Move attempted: South

Avatar ID: 2 	Position: (0, 2)	 	Move attempted: Null move

Avatar ID: 3 	Position: (4, 0)	 	Move attempted: North

Avatar ID: 4 	Position: (0, 2)	 	Move attempted: Null move

Avatar ID: 0 	Position: (0, 2)	 	Move attempted: Null move

Avatar ID: 1 	Position: (2, 4)	 	Move attempted: West

Avatar ID: 2 	Position: (0, 2)	 	Move attempted: Null move

Avatar ID: 3 	Position: (4, 0)	 	Move attempted: East

Avatar ID: 4 	Position: (0, 2)	 	Move attempted: Null move

Avatar ID: 0 	Position: (0, 2)	 	Move attempted: Null move

Avatar ID: 1 	Position: (1, 4)	 	Move attempted: South

Avatar ID: 2 	Position: (0, 2)	 	Move attempted: Null move

Avatar ID: 3 	Position: (4, 0)	 	Move attempted: South

Avatar ID: 4 	Position: (0, 2)	 	Move attempted: Null move

Avatar ID: 0 	Position: (0, 2)	 	Move attempted: Null move

Avatar ID: 1 	Position: (1, 4)	 	Move attempted: West

Avatar ID: 2 	Position: (0, 2)	 	Move attempted: Null move

Avatar ID: 3 	Position: (4, 1)	 	Move attempted: East

Avatar ID: 4 	Position: (0, 2)	 	Move attempted: Null move

Avatar ID: 0 	Position: (0, 2)	 	Move attempted: Null move

Avatar ID: 1 	Position: (1, 4)	 	Move attempted: North

Avatar ID: 2 	Position: (0, 2)	 	Move attempted: Null move

Avatar ID: 3 	Position: (4, 1)	 	Move attempted: South

Avatar ID: 4 	Position: (0, 2)	 	Move attempted: Null move

Avatar ID: 0 	Position: (0, 2)	 	Move attempted: Null move

Avatar ID: 1 	Position: (1, 3)	 	Move attempted: West

Avatar ID: 2 	Position: (0, 2)	 	Move attempted: Null move

Avatar ID: 3 	Position: (4, 1)	 	Move attempted: West

Avatar ID: 4 	Position: (0, 2)	 	Move attempted: Null move

Avatar ID: 0 	Position: (0, 2)	 	Move attempted: Null move

Avatar ID: 1 	Position: (0, 3)	 	Move attempted: South

Avatar ID: 2 	Position: (0, 2)	 	Move attempted: Null move

Avatar ID: 3 	Position: (4, 1)	 	Move attempted: North

Avatar ID: 4 	Position: (0, 2)	 	Move attempted: Null move

Avatar ID: 0 	Position: (0, 2)	 	Move attempted: Null move

Avatar ID: 1 	Position: (0, 4)	 	Move attempted: East

Avatar ID: 2 	Position: (0, 2)	 	Move attempted: Null move

Avatar ID: 3 	Position: (4, 0)	 	Move attempted: West

Avatar ID: 4 	Position: (0, 2)	 	Move attempted: Null move

Avatar ID: 0 	Position: (0, 2)	 	Move attempted: Null move

Avatar ID: 1 	Position: (0, 4)	 	Move attempted: South

Avatar ID: 2 	Position: (0, 2)	 	Move attempted: Null move

Avatar ID: 3 	Position: (3, 0)	 	Move attempted: South

Avatar ID: 4 	Position: (0, 2)	 	Move attempted: Null move

Avatar ID: 0 	Position: (0, 2)	 	Move attempted: Null move

Avatar ID: 1 	Position: (0, 4)	 	Move attempted: West

Avatar ID: 2 	Position: (0, 2)	 	Move attempted: Null move

Avatar ID: 3 	Position: (3, 0)	 	Move attempted: West

Avatar ID: 4 	Position: (0, 2)	 	Move attempted: Null move

Avatar ID: 0 	Position: (0, 2)	 	Move attempted: Null move

Avatar ID: 1 	Position: (0, 4)	 	Move attempted: North

Avatar ID: 2 	Position: (0, 2)	 	Move attempted: Null move

Avatar ID: 3 	Position: (2, 0)	 	Move attempted: South

Avatar ID: 4 	Position: (0, 2)	 	Move attempted: Null move

Avatar ID: 0 	Position: (0, 2)	 	Move attempted: Null move

Avatar ID: 1 	Position: (0, 3)	 	Move attempted: West

Avatar ID: 2 	Position: (0, 2)	 	Move attempted: Null move

Avatar ID: 3 	Position: (2, 1)	 	Move attempted: East

Avatar ID: 4 	Position: (0, 2)	 	Move attempted: Null move

Avatar ID: 0 	Position: (0, 2)	 	Move attempted: Null move

Avatar ID: 1 	Position: (0, 3)	 	Move attempted: North

Avatar ID: 2 	Position: (0, 2)	 	Move attempted: Null move

Avatar ID: 3 	Position: (2, 1)	 	Move attempted: South

Avatar ID: 4 	Position: (0, 2)	 	Move attempted: Null move

Avatar ID: 0 	Position: (0, 2)	 	Move attempted: Null move

Avatar ID: 1 	Position: (0, 2)	 	Move attempted: Null move

Avatar ID: 2 	Position: (0, 2)	 	Move attempted: Null move

Avatar ID: 3 	Position: (2, 2)	 	Move attempted: East

Avatar ID: 4 	Position: (0, 2)	 	Move attempted: Null move

Avatar ID: 0 	Position: (0, 2)	 	Move attempted: Null move

Avatar ID: 1 	Position: (0, 2)	 	Move attempted: Null move

Avatar ID: 2 	Position: (0, 2)	 	Move attempted: Null move

Avatar ID: 3 	Position: (2, 2)	 	Move attempted: South

Avatar ID: 4 	Position: (0, 2)	 	Move attempted: Null move

Avatar ID: 0 	Position: (0, 2)	 	Move attempted: Null move

Avatar ID: 1 	Position: (0, 2)	 	Move attempted: Null move

Avatar ID: 2 	Position: (0, 2)	 	Move attempted: Null move

Avatar ID: 3 	Position: (2, 2)	 	Move attempted: West

Avatar ID: 4 	Position: (0, 2)	 	Move attempted: Null move

Avatar ID: 0 	Position: (0, 2)	 	Move attempted: Null move

Avatar ID: 1 	Position: (0, 2)	 	Move attempted: Null move

Avatar ID: 2 	Position: (0, 2)	 	Move attempted: Null move

Avatar ID: 3 	Position: (1, 2)	 	Move attempted: South

Avatar ID: 4 	Position: (0, 2)	 	Move attempted: Null move

Avatar ID: 0 	Position: (0, 2)	 	Move attempted: Null move

AM_MAZE_SOLVED message received!
AvatarID: 4 End position: (0, 2)	 
Number of avatars: 5
 Level of difficulty: 0
 Number of moves: 208
 Hash: 1496545293

Avatar ID: 1 	Position: (0, 2)	 	Move attempted: Null move

Avatar ID: 2 	Position: (0, 2)	 	Move attempted: Null move

AM_MAZE_SOLVED message received!
AvatarID: 0 End position: (0, 2)	 
Number of avatars: 5
 Level of difficulty: 0
 Number of moves: 208
 Hash: 1496545293

AM_MAZE_SOLVED message received!
AvatarID: 1 End position: (0, 2)	 
Number of avatars: 5
 Level of difficulty: 0
 Number of moves: 208
 Hash: 1496545293

AM_MAZE_SOLVED message received!
AvatarID: 2 End position: (0, 2)	 
Number of avatars: 5
 Level of difficulty: 0
 Number of moves: 208
 Hash: 1496545293

Avatar ID: 3 	Position: (1, 2)	 	Move attempted: West

AM_MAZE_SOLVED message received!
AvatarID: 3 End position: (1, 2)	 
Number of avatars: 5
 Level of difficulty: 0
 Number of moves: 208
 Hash: 1496545293
